2022-09-02 10:30:53.151 [restartedMain] INFO  com.kalvin.kvf.KvfAdminApplication - Starting KvfAdminApplication on 20201027-PC with PID 21884 (D:\java\kvf-admin-3neng\target\classes started by Administrator in D:\java\kvf-admin-3neng)
2022-09-02 10:30:53.159 [restartedMain] INFO  com.kalvin.kvf.KvfAdminApplication - The following profiles are active: test
2022-09-02 10:30:53.291 [restartedMain] INFO  o.s.b.d.env.DevToolsPropertyDefaultsPostProcessor - Devtools property defaults active! Set 'spring.devtools.add-properties' to 'false' to disable
2022-09-02 10:30:53.291 [restartedMain] INFO  o.s.b.d.env.DevToolsPropertyDefaultsPostProcessor - For additional web related logging consider setting the 'logging.level.web' property to 'DEBUG'
2022-09-02 10:30:54.977 [restartedMain] INFO  o.s.d.r.config.RepositoryConfigurationDelegate - Multiple Spring Data modules found, entering strict repository configuration mode!
2022-09-02 10:30:54.980 [restartedMain] INFO  o.s.d.r.config.RepositoryConfigurationDelegate - Bootstrapping Spring Data Redis repositories in DEFAULT mode.
2022-09-02 10:30:55.059 [restartedMain] INFO  o.s.d.r.config.RepositoryConfigurationDelegate - Finished Spring Data repository scanning in 45ms. Found 0 Redis repository interfaces.
2022-09-02 10:30:55.623 [restartedMain] INFO  o.s.c.s.PostProcessorRegistrationDelegate$BeanPostProcessorChecker - Bean 'shiroConfig' of type [com.kalvin.kvf.common.shiro.ShiroConfig$$EnhancerBySpringCGLIB$$90e52f75] is not eligible for getting processed by all BeanPostProcessors (for example: not eligible for auto-proxying)
2022-09-02 10:30:55.721 [restartedMain] INFO  o.s.c.s.PostProcessorRegistrationDelegate$BeanPostProcessorChecker - Bean 'userRealm' of type [com.kalvin.kvf.common.shiro.UserRealm] is not eligible for getting processed by all BeanPostProcessors (for example: not eligible for auto-proxying)
2022-09-02 10:30:55.752 [restartedMain] INFO  o.s.c.s.PostProcessorRegistrationDelegate$BeanPostProcessorChecker - Bean 'sessionManager' of type [org.apache.shiro.web.session.mgt.DefaultWebSessionManager] is not eligible for getting processed by all BeanPostProcessors (for example: not eligible for auto-proxying)
2022-09-02 10:30:56.304 [restartedMain] INFO  o.s.c.s.PostProcessorRegistrationDelegate$BeanPostProcessorChecker - Bean 'ehCacheManager' of type [org.apache.shiro.cache.ehcache.EhCacheManager] is not eligible for getting processed by all BeanPostProcessors (for example: not eligible for auto-proxying)
2022-09-02 10:30:56.305 [restartedMain] INFO  org.apache.shiro.cache.ehcache.EhCacheManager - Cache with name 'com.kalvin.kvf.common.shiro.UserRealm.authorizationCache' does not yet exist.  Creating now.
2022-09-02 10:30:56.330 [restartedMain] INFO  org.apache.shiro.cache.ehcache.EhCacheManager - Added EhCache named [com.kalvin.kvf.common.shiro.UserRealm.authorizationCache]
2022-09-02 10:30:56.369 [restartedMain] INFO  o.s.c.s.PostProcessorRegistrationDelegate$BeanPostProcessorChecker - Bean 'securityManager' of type [org.apache.shiro.web.mgt.DefaultWebSecurityManager] is not eligible for getting processed by all BeanPostProcessors (for example: not eligible for auto-proxying)
2022-09-02 10:30:56.421 [restartedMain] INFO  o.s.c.s.PostProcessorRegistrationDelegate$BeanPostProcessorChecker - Bean 'authorizationAttributeSourceAdvisor' of type [org.apache.shiro.spring.security.interceptor.AuthorizationAttributeSourceAdvisor] is not eligible for getting processed by all BeanPostProcessors (for example: not eligible for auto-proxying)
2022-09-02 10:30:56.490 [restartedMain] INFO  o.s.c.s.PostProcessorRegistrationDelegate$BeanPostProcessorChecker - Bean 'spring.datasource.dynamic-com.baomidou.dynamic.datasource.spring.boot.autoconfigure.DynamicDataSourceProperties' of type [com.baomidou.dynamic.datasource.spring.boot.autoconfigure.DynamicDataSourceProperties] is not eligible for getting processed by all BeanPostProcessors (for example: not eligible for auto-proxying)
2022-09-02 10:30:56.716 [restartedMain] INFO  o.s.c.s.PostProcessorRegistrationDelegate$BeanPostProcessorChecker - Bean 'com.baomidou.dynamic.datasource.spring.boot.autoconfigure.DynamicDataSourceAutoConfiguration' of type [com.baomidou.dynamic.datasource.spring.boot.autoconfigure.DynamicDataSourceAutoConfiguration$$EnhancerBySpringCGLIB$$215c1cdf] is not eligible for getting processed by all BeanPostProcessors (for example: not eligible for auto-proxying)
2022-09-02 10:30:56.732 [restartedMain] INFO  o.s.c.s.PostProcessorRegistrationDelegate$BeanPostProcessorChecker - Bean 'dsProcessor' of type [com.baomidou.dynamic.datasource.processor.DsHeaderProcessor] is not eligible for getting processed by all BeanPostProcessors (for example: not eligible for auto-proxying)
2022-09-02 10:30:56.753 [restartedMain] INFO  o.s.c.s.PostProcessorRegistrationDelegate$BeanPostProcessorChecker - Bean 'org.springframework.transaction.annotation.ProxyTransactionManagementConfiguration' of type [org.springframework.transaction.annotation.ProxyTransactionManagementConfiguration] is not eligible for getting processed by all BeanPostProcessors (for example: not eligible for auto-proxying)
2022-09-02 10:30:56.807 [restartedMain] INFO  o.s.c.s.PostProcessorRegistrationDelegate$BeanPostProcessorChecker - Bean 'redisConfig' of type [com.kalvin.kvf.common.config.RedisConfig$$EnhancerBySpringCGLIB$$86f14a98] is not eligible for getting processed by all BeanPostProcessors (for example: not eligible for auto-proxying)
2022-09-02 10:30:57.730 [restartedMain] INFO  o.s.boot.web.embedded.tomcat.TomcatWebServer - Tomcat initialized with port(s): 7788 (http)
2022-09-02 10:30:57.754 [restartedMain] INFO  org.apache.coyote.http11.Http11NioProtocol - Initializing ProtocolHandler ["http-nio-7788"]
2022-09-02 10:30:57.754 [restartedMain] INFO  org.apache.catalina.core.StandardService - Starting service [Tomcat]
2022-09-02 10:30:57.755 [restartedMain] INFO  org.apache.catalina.core.StandardEngine - Starting Servlet engine: [Apache Tomcat/9.0.30]
2022-09-02 10:30:57.908 [restartedMain] INFO  o.a.c.core.ContainerBase.[Tomcat].[localhost].[/] - Initializing Spring embedded WebApplicationContext
2022-09-02 10:30:57.909 [restartedMain] INFO  org.springframework.web.context.ContextLoader - Root WebApplicationContext: initialization completed in 4617 ms
2022-09-02 10:30:58.269 [restartedMain] INFO  com.kalvin.kvf.common.xss.XssFilter - init XssFilter...
2022-09-02 10:30:58.740 [restartedMain] INFO  com.alibaba.druid.pool.DruidDataSource - {dataSource-1,master} inited
2022-09-02 10:30:58.741 [restartedMain] INFO  c.b.dynamic.datasource.DynamicRoutingDataSource - dynamic-datasource - load a datasource named [master] success
2022-09-02 10:30:58.742 [restartedMain] INFO  c.b.dynamic.datasource.DynamicRoutingDataSource - dynamic-datasource initial loaded [1] datasource,primary datasource named [master]
2022-09-02 10:31:01.363 [restartedMain] INFO  o.s.cache.ehcache.EhCacheManagerFactoryBean - Initializing EhCache CacheManager
2022-09-02 10:31:02.243 [restartedMain] INFO  o.s.scheduling.concurrent.ThreadPoolTaskExecutor - Initializing ExecutorService 'applicationTaskExecutor'
2022-09-02 10:31:02.400 [restartedMain] INFO  o.s.b.a.web.servlet.WelcomePageHandlerMapping - Adding welcome page template: index
2022-09-02 10:31:06.277 [restartedMain] INFO  o.s.b.d.autoconfigure.OptionalLiveReloadServer - LiveReload server is running on port 35729
2022-09-02 10:31:06.383 [restartedMain] INFO  org.apache.coyote.http11.Http11NioProtocol - Starting ProtocolHandler ["http-nio-7788"]
2022-09-02 10:31:06.424 [restartedMain] INFO  o.s.boot.web.embedded.tomcat.TomcatWebServer - Tomcat started on port(s): 7788 (http) with context path ''
2022-09-02 10:31:06.428 [restartedMain] INFO  com.kalvin.kvf.KvfAdminApplication - Started KvfAdminApplication in 14.042 seconds (JVM running for 16.855)
2022-09-02 10:31:36.179 [http-nio-7788-exec-1] INFO  o.a.c.core.ContainerBase.[Tomcat].[localhost].[/] - Initializing Spring DispatcherServlet 'dispatcherServlet'
2022-09-02 10:31:36.180 [http-nio-7788-exec-1] INFO  org.springframework.web.servlet.DispatcherServlet - Initializing Servlet 'dispatcherServlet'
2022-09-02 10:31:36.291 [http-nio-7788-exec-1] INFO  org.springframework.web.servlet.DispatcherServlet - Completed initialization in 110 ms
2022-09-02 10:31:36.500 [http-nio-7788-exec-1] INFO  o.a.s.session.mgt.AbstractValidatingSessionManager - Enabling session validation scheduler...
2022-09-02 10:31:56.010 [SpringContextShutdownHook] INFO  o.s.scheduling.concurrent.ThreadPoolTaskExecutor - Shutting down ExecutorService 'applicationTaskExecutor'
2022-09-02 10:31:56.010 [SpringContextShutdownHook] INFO  o.s.cache.ehcache.EhCacheManagerFactoryBean - Shutting down EhCache CacheManager
2022-09-02 10:31:56.191 [SpringContextShutdownHook] INFO  c.b.dynamic.datasource.DynamicRoutingDataSource - dynamic-datasource start closing ....
2022-09-02 10:31:56.194 [SpringContextShutdownHook] INFO  com.alibaba.druid.pool.DruidDataSource - {dataSource-1} closing ...
2022-09-02 10:31:56.206 [SpringContextShutdownHook] INFO  com.alibaba.druid.pool.DruidDataSource - {dataSource-1} closed
2022-09-02 10:31:56.207 [SpringContextShutdownHook] INFO  c.b.dynamic.datasource.DynamicRoutingDataSource - dynamic-datasource all closed success,bye
2022-09-02 10:31:56.208 [SpringContextShutdownHook] INFO  o.a.s.session.mgt.AbstractValidatingSessionManager - Disabled session validation scheduler.
