2023-12-27 15:00:06.423 [restartedMain] INFO  com.kalvin.kvf.KvfAdminApplication - Starting KvfAdminApplication on 20201027-PC with PID 10788 (D:\java\kvf-admin-3neng\target\classes started by Administrator in D:\java\kvf-admin-3neng)
2023-12-27 15:00:06.486 [restartedMain] DEBUG com.kalvin.kvf.KvfAdminApplication - Running with Spring Boot v2.2.5.RELEASE, Spring v5.2.4.RELEASE
2023-12-27 15:00:06.486 [restartedMain] INFO  com.kalvin.kvf.KvfAdminApplication - The following profiles are active: test
2023-12-27 15:00:06.535 [restartedMain] INFO  o.s.b.d.env.DevToolsPropertyDefaultsPostProcessor - Devtools property defaults active! Set 'spring.devtools.add-properties' to 'false' to disable
2023-12-27 15:00:06.536 [restartedMain] INFO  o.s.b.d.env.DevToolsPropertyDefaultsPostProcessor - For additional web related logging consider setting the 'logging.level.web' property to 'DEBUG'
2023-12-27 15:00:07.312 [restartedMain] INFO  o.s.d.r.config.RepositoryConfigurationDelegate - Multiple Spring Data modules found, entering strict repository configuration mode!
2023-12-27 15:00:07.314 [restartedMain] INFO  o.s.d.r.config.RepositoryConfigurationDelegate - Bootstrapping Spring Data Redis repositories in DEFAULT mode.
2023-12-27 15:00:07.359 [restartedMain] INFO  o.s.d.r.config.RepositoryConfigurationDelegate - Finished Spring Data repository scanning in 31ms. Found 0 Redis repository interfaces.
2023-12-27 15:00:07.632 [restartedMain] INFO  o.s.c.s.PostProcessorRegistrationDelegate$BeanPostProcessorChecker - Bean 'shiroConfig' of type [com.kalvin.kvf.common.shiro.ShiroConfig$$EnhancerBySpringCGLIB$$b3970375] is not eligible for getting processed by all BeanPostProcessors (for example: not eligible for auto-proxying)
2023-12-27 15:00:07.710 [restartedMain] INFO  o.s.c.s.PostProcessorRegistrationDelegate$BeanPostProcessorChecker - Bean 'userRealm' of type [com.kalvin.kvf.common.shiro.UserRealm] is not eligible for getting processed by all BeanPostProcessors (for example: not eligible for auto-proxying)
2023-12-27 15:00:07.721 [restartedMain] INFO  o.s.c.s.PostProcessorRegistrationDelegate$BeanPostProcessorChecker - Bean 'sessionManager' of type [org.apache.shiro.web.session.mgt.DefaultWebSessionManager] is not eligible for getting processed by all BeanPostProcessors (for example: not eligible for auto-proxying)
2023-12-27 15:00:08.080 [restartedMain] INFO  o.s.c.s.PostProcessorRegistrationDelegate$BeanPostProcessorChecker - Bean 'ehCacheManager' of type [org.apache.shiro.cache.ehcache.EhCacheManager] is not eligible for getting processed by all BeanPostProcessors (for example: not eligible for auto-proxying)
2023-12-27 15:00:08.081 [restartedMain] INFO  org.apache.shiro.cache.ehcache.EhCacheManager - Cache with name 'com.kalvin.kvf.common.shiro.UserRealm.authorizationCache' does not yet exist.  Creating now.
2023-12-27 15:00:08.098 [restartedMain] INFO  org.apache.shiro.cache.ehcache.EhCacheManager - Added EhCache named [com.kalvin.kvf.common.shiro.UserRealm.authorizationCache]
2023-12-27 15:00:08.177 [restartedMain] INFO  o.s.c.s.PostProcessorRegistrationDelegate$BeanPostProcessorChecker - Bean 'securityManager' of type [org.apache.shiro.web.mgt.DefaultWebSecurityManager] is not eligible for getting processed by all BeanPostProcessors (for example: not eligible for auto-proxying)
2023-12-27 15:00:08.220 [restartedMain] INFO  o.s.c.s.PostProcessorRegistrationDelegate$BeanPostProcessorChecker - Bean 'authorizationAttributeSourceAdvisor' of type [org.apache.shiro.spring.security.interceptor.AuthorizationAttributeSourceAdvisor] is not eligible for getting processed by all BeanPostProcessors (for example: not eligible for auto-proxying)
2023-12-27 15:00:08.265 [restartedMain] INFO  o.s.c.s.PostProcessorRegistrationDelegate$BeanPostProcessorChecker - Bean 'spring.datasource.dynamic-com.baomidou.dynamic.datasource.spring.boot.autoconfigure.DynamicDataSourceProperties' of type [com.baomidou.dynamic.datasource.spring.boot.autoconfigure.DynamicDataSourceProperties] is not eligible for getting processed by all BeanPostProcessors (for example: not eligible for auto-proxying)
2023-12-27 15:00:08.350 [restartedMain] INFO  o.s.c.s.PostProcessorRegistrationDelegate$BeanPostProcessorChecker - Bean 'com.baomidou.dynamic.datasource.spring.boot.autoconfigure.DynamicDataSourceAutoConfiguration' of type [com.baomidou.dynamic.datasource.spring.boot.autoconfigure.DynamicDataSourceAutoConfiguration$$EnhancerBySpringCGLIB$$440df0df] is not eligible for getting processed by all BeanPostProcessors (for example: not eligible for auto-proxying)
2023-12-27 15:00:08.365 [restartedMain] INFO  o.s.c.s.PostProcessorRegistrationDelegate$BeanPostProcessorChecker - Bean 'dsProcessor' of type [com.baomidou.dynamic.datasource.processor.DsHeaderProcessor] is not eligible for getting processed by all BeanPostProcessors (for example: not eligible for auto-proxying)
2023-12-27 15:00:08.411 [restartedMain] INFO  o.s.c.s.PostProcessorRegistrationDelegate$BeanPostProcessorChecker - Bean 'redisConfig' of type [com.kalvin.kvf.common.config.RedisConfig$$EnhancerBySpringCGLIB$$a9a31e98] is not eligible for getting processed by all BeanPostProcessors (for example: not eligible for auto-proxying)
2023-12-27 15:00:08.761 [restartedMain] INFO  o.s.boot.web.embedded.tomcat.TomcatWebServer - Tomcat initialized with port(s): 7788 (http)
2023-12-27 15:00:08.770 [restartedMain] INFO  org.apache.coyote.http11.Http11NioProtocol - Initializing ProtocolHandler ["http-nio-7788"]
2023-12-27 15:00:08.771 [restartedMain] INFO  org.apache.catalina.core.StandardService - Starting service [Tomcat]
2023-12-27 15:00:08.771 [restartedMain] INFO  org.apache.catalina.core.StandardEngine - Starting Servlet engine: [Apache Tomcat/9.0.31]
2023-12-27 15:00:08.847 [restartedMain] INFO  o.a.c.core.ContainerBase.[Tomcat].[localhost].[/] - Initializing Spring embedded WebApplicationContext
2023-12-27 15:00:08.847 [restartedMain] INFO  org.springframework.web.context.ContextLoader - Root WebApplicationContext: initialization completed in 2311 ms
2023-12-27 15:00:08.966 [restartedMain] INFO  com.kalvin.kvf.common.xss.XssFilter - init XssFilter...
2023-12-27 15:00:09.159 [restartedMain] INFO  com.alibaba.druid.pool.DruidDataSource - {dataSource-1,master} inited
2023-12-27 15:00:09.160 [restartedMain] INFO  c.b.dynamic.datasource.DynamicRoutingDataSource - dynamic-datasource - load a datasource named [master] success
2023-12-27 15:00:09.160 [restartedMain] INFO  c.b.dynamic.datasource.DynamicRoutingDataSource - dynamic-datasource initial loaded [1] datasource,primary datasource named [master]
2023-12-27 15:00:46.238 [restartedMain] INFO  com.kalvin.kvf.KvfAdminApplication - Starting KvfAdminApplication on 20201027-PC with PID 9812 (D:\java\kvf-admin-3neng\target\classes started by Administrator in D:\java\kvf-admin-3neng)
2023-12-27 15:00:46.242 [restartedMain] DEBUG com.kalvin.kvf.KvfAdminApplication - Running with Spring Boot v2.2.5.RELEASE, Spring v5.2.4.RELEASE
2023-12-27 15:00:46.242 [restartedMain] INFO  com.kalvin.kvf.KvfAdminApplication - The following profiles are active: test
2023-12-27 15:00:46.281 [restartedMain] INFO  o.s.b.d.env.DevToolsPropertyDefaultsPostProcessor - Devtools property defaults active! Set 'spring.devtools.add-properties' to 'false' to disable
2023-12-27 15:00:46.281 [restartedMain] INFO  o.s.b.d.env.DevToolsPropertyDefaultsPostProcessor - For additional web related logging consider setting the 'logging.level.web' property to 'DEBUG'
2023-12-27 15:00:47.098 [restartedMain] INFO  o.s.d.r.config.RepositoryConfigurationDelegate - Multiple Spring Data modules found, entering strict repository configuration mode!
2023-12-27 15:00:47.100 [restartedMain] INFO  o.s.d.r.config.RepositoryConfigurationDelegate - Bootstrapping Spring Data Redis repositories in DEFAULT mode.
2023-12-27 15:00:47.145 [restartedMain] INFO  o.s.d.r.config.RepositoryConfigurationDelegate - Finished Spring Data repository scanning in 31ms. Found 0 Redis repository interfaces.
2023-12-27 15:00:47.433 [restartedMain] INFO  o.s.c.s.PostProcessorRegistrationDelegate$BeanPostProcessorChecker - Bean 'shiroConfig' of type [com.kalvin.kvf.common.shiro.ShiroConfig$$EnhancerBySpringCGLIB$$aaf46c32] is not eligible for getting processed by all BeanPostProcessors (for example: not eligible for auto-proxying)
2023-12-27 15:00:47.525 [restartedMain] INFO  o.s.c.s.PostProcessorRegistrationDelegate$BeanPostProcessorChecker - Bean 'userRealm' of type [com.kalvin.kvf.common.shiro.UserRealm] is not eligible for getting processed by all BeanPostProcessors (for example: not eligible for auto-proxying)
2023-12-27 15:00:47.535 [restartedMain] INFO  o.s.c.s.PostProcessorRegistrationDelegate$BeanPostProcessorChecker - Bean 'sessionManager' of type [org.apache.shiro.web.session.mgt.DefaultWebSessionManager] is not eligible for getting processed by all BeanPostProcessors (for example: not eligible for auto-proxying)
2023-12-27 15:00:47.932 [restartedMain] INFO  o.s.c.s.PostProcessorRegistrationDelegate$BeanPostProcessorChecker - Bean 'ehCacheManager' of type [org.apache.shiro.cache.ehcache.EhCacheManager] is not eligible for getting processed by all BeanPostProcessors (for example: not eligible for auto-proxying)
2023-12-27 15:00:47.933 [restartedMain] INFO  org.apache.shiro.cache.ehcache.EhCacheManager - Cache with name 'com.kalvin.kvf.common.shiro.UserRealm.authorizationCache' does not yet exist.  Creating now.
2023-12-27 15:00:47.960 [restartedMain] INFO  org.apache.shiro.cache.ehcache.EhCacheManager - Added EhCache named [com.kalvin.kvf.common.shiro.UserRealm.authorizationCache]
2023-12-27 15:00:48.072 [restartedMain] INFO  o.s.c.s.PostProcessorRegistrationDelegate$BeanPostProcessorChecker - Bean 'securityManager' of type [org.apache.shiro.web.mgt.DefaultWebSecurityManager] is not eligible for getting processed by all BeanPostProcessors (for example: not eligible for auto-proxying)
2023-12-27 15:00:48.118 [restartedMain] INFO  o.s.c.s.PostProcessorRegistrationDelegate$BeanPostProcessorChecker - Bean 'authorizationAttributeSourceAdvisor' of type [org.apache.shiro.spring.security.interceptor.AuthorizationAttributeSourceAdvisor] is not eligible for getting processed by all BeanPostProcessors (for example: not eligible for auto-proxying)
2023-12-27 15:00:48.169 [restartedMain] INFO  o.s.c.s.PostProcessorRegistrationDelegate$BeanPostProcessorChecker - Bean 'spring.datasource.dynamic-com.baomidou.dynamic.datasource.spring.boot.autoconfigure.DynamicDataSourceProperties' of type [com.baomidou.dynamic.datasource.spring.boot.autoconfigure.DynamicDataSourceProperties] is not eligible for getting processed by all BeanPostProcessors (for example: not eligible for auto-proxying)
2023-12-27 15:00:48.259 [restartedMain] INFO  o.s.c.s.PostProcessorRegistrationDelegate$BeanPostProcessorChecker - Bean 'com.baomidou.dynamic.datasource.spring.boot.autoconfigure.DynamicDataSourceAutoConfiguration' of type [com.baomidou.dynamic.datasource.spring.boot.autoconfigure.DynamicDataSourceAutoConfiguration$$EnhancerBySpringCGLIB$$3b6b599c] is not eligible for getting processed by all BeanPostProcessors (for example: not eligible for auto-proxying)
2023-12-27 15:00:48.274 [restartedMain] INFO  o.s.c.s.PostProcessorRegistrationDelegate$BeanPostProcessorChecker - Bean 'dsProcessor' of type [com.baomidou.dynamic.datasource.processor.DsHeaderProcessor] is not eligible for getting processed by all BeanPostProcessors (for example: not eligible for auto-proxying)
2023-12-27 15:00:48.320 [restartedMain] INFO  o.s.c.s.PostProcessorRegistrationDelegate$BeanPostProcessorChecker - Bean 'redisConfig' of type [com.kalvin.kvf.common.config.RedisConfig$$EnhancerBySpringCGLIB$$a1008755] is not eligible for getting processed by all BeanPostProcessors (for example: not eligible for auto-proxying)
2023-12-27 15:00:48.661 [restartedMain] INFO  o.s.boot.web.embedded.tomcat.TomcatWebServer - Tomcat initialized with port(s): 7788 (http)
2023-12-27 15:00:48.670 [restartedMain] INFO  org.apache.coyote.http11.Http11NioProtocol - Initializing ProtocolHandler ["http-nio-7788"]
2023-12-27 15:00:48.671 [restartedMain] INFO  org.apache.catalina.core.StandardService - Starting service [Tomcat]
2023-12-27 15:00:48.671 [restartedMain] INFO  org.apache.catalina.core.StandardEngine - Starting Servlet engine: [Apache Tomcat/9.0.31]
2023-12-27 15:00:48.744 [restartedMain] INFO  o.a.c.core.ContainerBase.[Tomcat].[localhost].[/] - Initializing Spring embedded WebApplicationContext
2023-12-27 15:00:48.744 [restartedMain] INFO  org.springframework.web.context.ContextLoader - Root WebApplicationContext: initialization completed in 2462 ms
2023-12-27 15:00:48.854 [restartedMain] INFO  com.kalvin.kvf.common.xss.XssFilter - init XssFilter...
2023-12-27 15:00:49.043 [restartedMain] INFO  com.alibaba.druid.pool.DruidDataSource - {dataSource-1,master} inited
2023-12-27 15:00:49.044 [restartedMain] INFO  c.b.dynamic.datasource.DynamicRoutingDataSource - dynamic-datasource - load a datasource named [master] success
2023-12-27 15:00:49.044 [restartedMain] INFO  c.b.dynamic.datasource.DynamicRoutingDataSource - dynamic-datasource initial loaded [1] datasource,primary datasource named [master]
2023-12-27 15:00:51.592 [restartedMain] INFO  o.s.cache.ehcache.EhCacheManagerFactoryBean - Initializing EhCache CacheManager
2023-12-27 15:00:51.838 [restartedMain] INFO  com.diboot.core.starter.CoreAutoConfig - 启用diboot默认的Jackson自定义配置
2023-12-27 15:00:51.889 [restartedMain] INFO  o.s.scheduling.concurrent.ThreadPoolTaskExecutor - Initializing ExecutorService 'applicationTaskExecutor'
2023-12-27 15:00:52.032 [restartedMain] INFO  o.s.b.a.web.servlet.WelcomePageHandlerMapping - Adding welcome page template: index
2023-12-27 15:00:52.752 [restartedMain] INFO  o.s.b.d.autoconfigure.OptionalLiveReloadServer - LiveReload server is running on port 35729
2023-12-27 15:00:52.846 [restartedMain] INFO  org.apache.coyote.http11.Http11NioProtocol - Starting ProtocolHandler ["http-nio-7788"]
2023-12-27 15:00:52.871 [restartedMain] INFO  o.s.boot.web.embedded.tomcat.TomcatWebServer - Tomcat started on port(s): 7788 (http) with context path ''
2023-12-27 15:00:52.874 [restartedMain] INFO  com.kalvin.kvf.KvfAdminApplication - Started KvfAdminApplication in 7.459 seconds (JVM running for 8.152)
2023-12-27 15:01:00.323 [http-nio-7788-exec-1] INFO  o.a.c.core.ContainerBase.[Tomcat].[localhost].[/] - Initializing Spring DispatcherServlet 'dispatcherServlet'
2023-12-27 15:01:00.323 [http-nio-7788-exec-1] INFO  org.springframework.web.servlet.DispatcherServlet - Initializing Servlet 'dispatcherServlet'
2023-12-27 15:01:00.340 [http-nio-7788-exec-1] INFO  org.springframework.web.servlet.DispatcherServlet - Completed initialization in 16 ms
2023-12-27 15:01:00.362 [http-nio-7788-exec-1] INFO  o.a.s.session.mgt.AbstractValidatingSessionManager - Enabling session validation scheduler...
2023-12-27 15:01:11.904 [http-nio-7788-exec-6] DEBUG c.k.kvf.modules.sys.mapper.UserMapper.selectOne - ==>  Preparing: SELECT id,dept_id,username,password,realname,sex,phone,tel,email,avatar,job_title,status,sort,del_flag,create_by,update_time,create_time FROM sys_user WHERE (username = ?)
2023-12-27 15:01:11.915 [http-nio-7788-exec-6] DEBUG c.k.kvf.modules.sys.mapper.UserMapper.selectOne - ==> Parameters: admin(String)
2023-12-27 15:01:11.928 [http-nio-7788-exec-6] DEBUG c.k.kvf.modules.sys.mapper.UserMapper.selectOne - <==      Total: 1
2023-12-27 15:01:11.960 [http-nio-7788-exec-6] DEBUG com.kalvin.kvf.modules.sys.mapper.LogMapper.insert - ==>  Preparing: INSERT INTO sys_log ( user_id, username, operation, forward_action, ip, browser, os, time ) VALUES ( ?, ?, ?, ?, ?, ?, ?, ? )
2023-12-27 15:01:11.968 [http-nio-7788-exec-6] DEBUG com.kalvin.kvf.modules.sys.mapper.LogMapper.insert - ==> Parameters: 1(Long), admin(String), 登录(String), /login(String), 127.0.0.1(String), Chrome 109.0.0.0(String), Windows(String), 124(Long)
2023-12-27 15:01:12.140 [http-nio-7788-exec-6] DEBUG com.kalvin.kvf.modules.sys.mapper.LogMapper.insert - <==    Updates: 1
2023-12-27 15:01:12.951 [http-nio-7788-exec-5] DEBUG c.k.kvf.modules.sys.mapper.UserMapper.selectById - ==>  Preparing: SELECT id,dept_id,username,password,realname,sex,phone,tel,email,avatar,job_title,status,sort,del_flag,create_by,update_time,create_time FROM sys_user WHERE id=?
2023-12-27 15:01:12.955 [http-nio-7788-exec-5] DEBUG c.k.kvf.modules.sys.mapper.UserMapper.selectById - ==> Parameters: 1(Long)
2023-12-27 15:01:12.959 [http-nio-7788-exec-5] DEBUG c.k.kvf.modules.sys.mapper.UserMapper.selectById - <==      Total: 1
2023-12-27 15:01:13.270 [http-nio-7788-exec-7] ERROR com.kalvin.kvf.common.controller.CommonController - D:\java\kvf-admin-3neng\userFile\avatar\20230206\0.jpeg (系统找不到指定的路径。)
java.io.FileNotFoundException: D:\java\kvf-admin-3neng\userFile\avatar\20230206\0.jpeg (系统找不到指定的路径。)
	at java.io.FileInputStream.open0(Native Method)
	at java.io.FileInputStream.open(FileInputStream.java:195)
	at java.io.FileInputStream.<init>(FileInputStream.java:138)
	at com.kalvin.kvf.common.controller.CommonController.staticImage(CommonController.java:73)
	at sun.reflect.NativeMethodAccessorImpl.invoke0(Native Method)
	at sun.reflect.NativeMethodAccessorImpl.invoke(NativeMethodAccessorImpl.java:62)
	at sun.reflect.DelegatingMethodAccessorImpl.invoke(DelegatingMethodAccessorImpl.java:43)
	at java.lang.reflect.Method.invoke(Method.java:498)
	at org.springframework.web.method.support.InvocableHandlerMethod.doInvoke(InvocableHandlerMethod.java:190)
	at org.springframework.web.method.support.InvocableHandlerMethod.invokeForRequest(InvocableHandlerMethod.java:138)
	at org.springframework.web.servlet.mvc.method.annotation.ServletInvocableHandlerMethod.invokeAndHandle(ServletInvocableHandlerMethod.java:106)
	at org.springframework.web.servlet.mvc.method.annotation.RequestMappingHandlerAdapter.invokeHandlerMethod(RequestMappingHandlerAdapter.java:879)
	at org.springframework.web.servlet.mvc.method.annotation.RequestMappingHandlerAdapter.handleInternal(RequestMappingHandlerAdapter.java:793)
	at org.springframework.web.servlet.mvc.method.AbstractHandlerMethodAdapter.handle(AbstractHandlerMethodAdapter.java:87)
	at org.springframework.web.servlet.DispatcherServlet.doDispatch(DispatcherServlet.java:1040)
	at org.springframework.web.servlet.DispatcherServlet.doService(DispatcherServlet.java:943)
	at org.springframework.web.servlet.FrameworkServlet.processRequest(FrameworkServlet.java:1006)
	at org.springframework.web.servlet.FrameworkServlet.doGet(FrameworkServlet.java:898)
	at javax.servlet.http.HttpServlet.service(HttpServlet.java:634)
	at org.springframework.web.servlet.FrameworkServlet.service(FrameworkServlet.java:883)
	at javax.servlet.http.HttpServlet.service(HttpServlet.java:741)
	at org.apache.catalina.core.ApplicationFilterChain.internalDoFilter(ApplicationFilterChain.java:231)
	at org.apache.catalina.core.ApplicationFilterChain.doFilter(ApplicationFilterChain.java:166)
	at org.apache.tomcat.websocket.server.WsFilter.doFilter(WsFilter.java:53)
	at org.apache.catalina.core.ApplicationFilterChain.internalDoFilter(ApplicationFilterChain.java:193)
	at org.apache.catalina.core.ApplicationFilterChain.doFilter(ApplicationFilterChain.java:166)
	at org.apache.shiro.web.servlet.ProxiedFilterChain.doFilter(ProxiedFilterChain.java:61)
	at org.apache.shiro.web.servlet.AdviceFilter.executeChain(AdviceFilter.java:108)
	at org.apache.shiro.web.servlet.AdviceFilter.doFilterInternal(AdviceFilter.java:137)
	at org.apache.shiro.web.servlet.OncePerRequestFilter.doFilter(OncePerRequestFilter.java:125)
	at org.apache.shiro.web.servlet.ProxiedFilterChain.doFilter(ProxiedFilterChain.java:66)
	at org.apache.shiro.web.servlet.AdviceFilter.executeChain(AdviceFilter.java:108)
	at org.apache.shiro.web.servlet.AdviceFilter.doFilterInternal(AdviceFilter.java:137)
	at org.apache.shiro.web.servlet.OncePerRequestFilter.doFilter(OncePerRequestFilter.java:125)
	at org.apache.shiro.web.servlet.ProxiedFilterChain.doFilter(ProxiedFilterChain.java:66)
	at org.apache.shiro.web.servlet.AdviceFilter.executeChain(AdviceFilter.java:108)
	at org.apache.shiro.web.servlet.AdviceFilter.doFilterInternal(AdviceFilter.java:137)
	at org.apache.shiro.web.servlet.OncePerRequestFilter.doFilter(OncePerRequestFilter.java:125)
	at org.apache.shiro.web.servlet.ProxiedFilterChain.doFilter(ProxiedFilterChain.java:66)
	at org.apache.shiro.web.servlet.AbstractShiroFilter.executeChain(AbstractShiroFilter.java:450)
	at org.apache.shiro.web.servlet.AbstractShiroFilter$1.call(AbstractShiroFilter.java:365)
	at org.apache.shiro.subject.support.SubjectCallable.doCall(SubjectCallable.java:90)
	at org.apache.shiro.subject.support.SubjectCallable.call(SubjectCallable.java:83)
	at org.apache.shiro.subject.support.DelegatingSubject.execute(DelegatingSubject.java:387)
	at org.apache.shiro.web.servlet.AbstractShiroFilter.doFilterInternal(AbstractShiroFilter.java:362)
	at org.apache.shiro.web.servlet.OncePerRequestFilter.doFilter(OncePerRequestFilter.java:125)
	at org.apache.catalina.core.ApplicationFilterChain.internalDoFilter(ApplicationFilterChain.java:193)
	at org.apache.catalina.core.ApplicationFilterChain.doFilter(ApplicationFilterChain.java:166)
	at org.apache.shiro.web.servlet.AdviceFilter.executeChain(AdviceFilter.java:108)
	at org.apache.shiro.web.servlet.AdviceFilter.doFilterInternal(AdviceFilter.java:137)
	at org.apache.shiro.web.servlet.OncePerRequestFilter.doFilter(OncePerRequestFilter.java:125)
	at org.apache.catalina.core.ApplicationFilterChain.internalDoFilter(ApplicationFilterChain.java:193)
	at org.apache.catalina.core.ApplicationFilterChain.doFilter(ApplicationFilterChain.java:166)
	at com.kalvin.kvf.common.xss.XssFilter.doFilter(XssFilter.java:33)
	at org.apache.catalina.core.ApplicationFilterChain.internalDoFilter(ApplicationFilterChain.java:193)
	at org.apache.catalina.core.ApplicationFilterChain.doFilter(ApplicationFilterChain.java:166)
	at org.springframework.web.filter.RequestContextFilter.doFilterInternal(RequestContextFilter.java:100)
	at org.springframework.web.filter.OncePerRequestFilter.doFilter(OncePerRequestFilter.java:119)
	at org.apache.catalina.core.ApplicationFilterChain.internalDoFilter(ApplicationFilterChain.java:193)
	at org.apache.catalina.core.ApplicationFilterChain.doFilter(ApplicationFilterChain.java:166)
	at org.springframework.web.filter.FormContentFilter.doFilterInternal(FormContentFilter.java:93)
	at org.springframework.web.filter.OncePerRequestFilter.doFilter(OncePerRequestFilter.java:119)
	at org.apache.catalina.core.ApplicationFilterChain.internalDoFilter(ApplicationFilterChain.java:193)
	at org.apache.catalina.core.ApplicationFilterChain.doFilter(ApplicationFilterChain.java:166)
	at org.springframework.web.filter.CharacterEncodingFilter.doFilterInternal(CharacterEncodingFilter.java:201)
	at org.springframework.web.filter.OncePerRequestFilter.doFilter(OncePerRequestFilter.java:119)
	at org.apache.catalina.core.ApplicationFilterChain.internalDoFilter(ApplicationFilterChain.java:193)
	at org.apache.catalina.core.ApplicationFilterChain.doFilter(ApplicationFilterChain.java:166)
	at org.apache.catalina.core.StandardWrapperValve.invoke(StandardWrapperValve.java:202)
	at org.apache.catalina.core.StandardContextValve.invoke(StandardContextValve.java:96)
	at org.apache.catalina.authenticator.AuthenticatorBase.invoke(AuthenticatorBase.java:541)
	at org.apache.catalina.core.StandardHostValve.invoke(StandardHostValve.java:139)
	at org.apache.catalina.valves.ErrorReportValve.invoke(ErrorReportValve.java:92)
	at org.apache.catalina.core.StandardEngineValve.invoke(StandardEngineValve.java:74)
	at org.apache.catalina.connector.CoyoteAdapter.service(CoyoteAdapter.java:343)
	at org.apache.coyote.http11.Http11Processor.service(Http11Processor.java:367)
	at org.apache.coyote.AbstractProcessorLight.process(AbstractProcessorLight.java:65)
	at org.apache.coyote.AbstractProtocol$ConnectionHandler.process(AbstractProtocol.java:868)
	at org.apache.tomcat.util.net.NioEndpoint$SocketProcessor.doRun(NioEndpoint.java:1639)
	at org.apache.tomcat.util.net.SocketProcessorBase.run(SocketProcessorBase.java:49)
	at java.util.concurrent.ThreadPoolExecutor.runWorker(ThreadPoolExecutor.java:1149)
	at java.util.concurrent.ThreadPoolExecutor$Worker.run(ThreadPoolExecutor.java:624)
	at org.apache.tomcat.util.threads.TaskThread$WrappingRunnable.run(TaskThread.java:61)
	at java.lang.Thread.run(Thread.java:748)
2023-12-27 15:01:13.282 [http-nio-7788-exec-7] ERROR com.kalvin.kvf.common.exception.ExceptHandler - kvf-admin error:
com.kalvin.kvf.common.exception.KvfException: 访问静态图片【D:\java\kvf-admin-3neng\userFile/avatar/20230206/0.jpeg】出错：D:\java\kvf-admin-3neng\userFile\avatar\20230206\0.jpeg (系统找不到指定的路径。)
	at com.kalvin.kvf.common.controller.CommonController.staticImage(CommonController.java:76)
	at sun.reflect.NativeMethodAccessorImpl.invoke0(Native Method)
	at sun.reflect.NativeMethodAccessorImpl.invoke(NativeMethodAccessorImpl.java:62)
	at sun.reflect.DelegatingMethodAccessorImpl.invoke(DelegatingMethodAccessorImpl.java:43)
	at java.lang.reflect.Method.invoke(Method.java:498)
	at org.springframework.web.method.support.InvocableHandlerMethod.doInvoke(InvocableHandlerMethod.java:190)
	at org.springframework.web.method.support.InvocableHandlerMethod.invokeForRequest(InvocableHandlerMethod.java:138)
	at org.springframework.web.servlet.mvc.method.annotation.ServletInvocableHandlerMethod.invokeAndHandle(ServletInvocableHandlerMethod.java:106)
	at org.springframework.web.servlet.mvc.method.annotation.RequestMappingHandlerAdapter.invokeHandlerMethod(RequestMappingHandlerAdapter.java:879)
	at org.springframework.web.servlet.mvc.method.annotation.RequestMappingHandlerAdapter.handleInternal(RequestMappingHandlerAdapter.java:793)
	at org.springframework.web.servlet.mvc.method.AbstractHandlerMethodAdapter.handle(AbstractHandlerMethodAdapter.java:87)
	at org.springframework.web.servlet.DispatcherServlet.doDispatch(DispatcherServlet.java:1040)
	at org.springframework.web.servlet.DispatcherServlet.doService(DispatcherServlet.java:943)
	at org.springframework.web.servlet.FrameworkServlet.processRequest(FrameworkServlet.java:1006)
	at org.springframework.web.servlet.FrameworkServlet.doGet(FrameworkServlet.java:898)
	at javax.servlet.http.HttpServlet.service(HttpServlet.java:634)
	at org.springframework.web.servlet.FrameworkServlet.service(FrameworkServlet.java:883)
	at javax.servlet.http.HttpServlet.service(HttpServlet.java:741)
	at org.apache.catalina.core.ApplicationFilterChain.internalDoFilter(ApplicationFilterChain.java:231)
	at org.apache.catalina.core.ApplicationFilterChain.doFilter(ApplicationFilterChain.java:166)
	at org.apache.tomcat.websocket.server.WsFilter.doFilter(WsFilter.java:53)
	at org.apache.catalina.core.ApplicationFilterChain.internalDoFilter(ApplicationFilterChain.java:193)
	at org.apache.catalina.core.ApplicationFilterChain.doFilter(ApplicationFilterChain.java:166)
	at org.apache.shiro.web.servlet.ProxiedFilterChain.doFilter(ProxiedFilterChain.java:61)
	at org.apache.shiro.web.servlet.AdviceFilter.executeChain(AdviceFilter.java:108)
	at org.apache.shiro.web.servlet.AdviceFilter.doFilterInternal(AdviceFilter.java:137)
	at org.apache.shiro.web.servlet.OncePerRequestFilter.doFilter(OncePerRequestFilter.java:125)
	at org.apache.shiro.web.servlet.ProxiedFilterChain.doFilter(ProxiedFilterChain.java:66)
	at org.apache.shiro.web.servlet.AdviceFilter.executeChain(AdviceFilter.java:108)
	at org.apache.shiro.web.servlet.AdviceFilter.doFilterInternal(AdviceFilter.java:137)
	at org.apache.shiro.web.servlet.OncePerRequestFilter.doFilter(OncePerRequestFilter.java:125)
	at org.apache.shiro.web.servlet.ProxiedFilterChain.doFilter(ProxiedFilterChain.java:66)
	at org.apache.shiro.web.servlet.AdviceFilter.executeChain(AdviceFilter.java:108)
	at org.apache.shiro.web.servlet.AdviceFilter.doFilterInternal(AdviceFilter.java:137)
	at org.apache.shiro.web.servlet.OncePerRequestFilter.doFilter(OncePerRequestFilter.java:125)
	at org.apache.shiro.web.servlet.ProxiedFilterChain.doFilter(ProxiedFilterChain.java:66)
	at org.apache.shiro.web.servlet.AbstractShiroFilter.executeChain(AbstractShiroFilter.java:450)
	at org.apache.shiro.web.servlet.AbstractShiroFilter$1.call(AbstractShiroFilter.java:365)
	at org.apache.shiro.subject.support.SubjectCallable.doCall(SubjectCallable.java:90)
	at org.apache.shiro.subject.support.SubjectCallable.call(SubjectCallable.java:83)
	at org.apache.shiro.subject.support.DelegatingSubject.execute(DelegatingSubject.java:387)
	at org.apache.shiro.web.servlet.AbstractShiroFilter.doFilterInternal(AbstractShiroFilter.java:362)
	at org.apache.shiro.web.servlet.OncePerRequestFilter.doFilter(OncePerRequestFilter.java:125)
	at org.apache.catalina.core.ApplicationFilterChain.internalDoFilter(ApplicationFilterChain.java:193)
	at org.apache.catalina.core.ApplicationFilterChain.doFilter(ApplicationFilterChain.java:166)
	at org.apache.shiro.web.servlet.AdviceFilter.executeChain(AdviceFilter.java:108)
	at org.apache.shiro.web.servlet.AdviceFilter.doFilterInternal(AdviceFilter.java:137)
	at org.apache.shiro.web.servlet.OncePerRequestFilter.doFilter(OncePerRequestFilter.java:125)
	at org.apache.catalina.core.ApplicationFilterChain.internalDoFilter(ApplicationFilterChain.java:193)
	at org.apache.catalina.core.ApplicationFilterChain.doFilter(ApplicationFilterChain.java:166)
	at com.kalvin.kvf.common.xss.XssFilter.doFilter(XssFilter.java:33)
	at org.apache.catalina.core.ApplicationFilterChain.internalDoFilter(ApplicationFilterChain.java:193)
	at org.apache.catalina.core.ApplicationFilterChain.doFilter(ApplicationFilterChain.java:166)
	at org.springframework.web.filter.RequestContextFilter.doFilterInternal(RequestContextFilter.java:100)
	at org.springframework.web.filter.OncePerRequestFilter.doFilter(OncePerRequestFilter.java:119)
	at org.apache.catalina.core.ApplicationFilterChain.internalDoFilter(ApplicationFilterChain.java:193)
	at org.apache.catalina.core.ApplicationFilterChain.doFilter(ApplicationFilterChain.java:166)
	at org.springframework.web.filter.FormContentFilter.doFilterInternal(FormContentFilter.java:93)
	at org.springframework.web.filter.OncePerRequestFilter.doFilter(OncePerRequestFilter.java:119)
	at org.apache.catalina.core.ApplicationFilterChain.internalDoFilter(ApplicationFilterChain.java:193)
	at org.apache.catalina.core.ApplicationFilterChain.doFilter(ApplicationFilterChain.java:166)
	at org.springframework.web.filter.CharacterEncodingFilter.doFilterInternal(CharacterEncodingFilter.java:201)
	at org.springframework.web.filter.OncePerRequestFilter.doFilter(OncePerRequestFilter.java:119)
	at org.apache.catalina.core.ApplicationFilterChain.internalDoFilter(ApplicationFilterChain.java:193)
	at org.apache.catalina.core.ApplicationFilterChain.doFilter(ApplicationFilterChain.java:166)
	at org.apache.catalina.core.StandardWrapperValve.invoke(StandardWrapperValve.java:202)
	at org.apache.catalina.core.StandardContextValve.invoke(StandardContextValve.java:96)
	at org.apache.catalina.authenticator.AuthenticatorBase.invoke(AuthenticatorBase.java:541)
	at org.apache.catalina.core.StandardHostValve.invoke(StandardHostValve.java:139)
	at org.apache.catalina.valves.ErrorReportValve.invoke(ErrorReportValve.java:92)
	at org.apache.catalina.core.StandardEngineValve.invoke(StandardEngineValve.java:74)
	at org.apache.catalina.connector.CoyoteAdapter.service(CoyoteAdapter.java:343)
	at org.apache.coyote.http11.Http11Processor.service(Http11Processor.java:367)
	at org.apache.coyote.AbstractProcessorLight.process(AbstractProcessorLight.java:65)
	at org.apache.coyote.AbstractProtocol$ConnectionHandler.process(AbstractProtocol.java:868)
	at org.apache.tomcat.util.net.NioEndpoint$SocketProcessor.doRun(NioEndpoint.java:1639)
	at org.apache.tomcat.util.net.SocketProcessorBase.run(SocketProcessorBase.java:49)
	at java.util.concurrent.ThreadPoolExecutor.runWorker(ThreadPoolExecutor.java:1149)
	at java.util.concurrent.ThreadPoolExecutor$Worker.run(ThreadPoolExecutor.java:624)
	at org.apache.tomcat.util.threads.TaskThread$WrappingRunnable.run(TaskThread.java:61)
	at java.lang.Thread.run(Thread.java:748)
2023-12-27 15:01:13.288 [http-nio-7788-exec-7] WARN  o.s.w.s.m.m.a.ExceptionHandlerExceptionResolver - Resolved [com.kalvin.kvf.common.exception.KvfException: 访问静态图片【D:\java\kvf-admin-3neng\userFile/avatar/20230206/0.jpeg】出错：D:\java\kvf-admin-3neng\userFile\avatar\20230206\0.jpeg (系统找不到指定的路径。)]
2023-12-27 15:01:13.409 [http-nio-7788-exec-6] DEBUG c.k.k.m.s.m.M.selectUserPermissionNavMenuList - ==>  Preparing: SELECT DISTINCT m.id, m.parent_id, m.name, m.url, m.permission, m.type, m.icon, m.status, m.sort, m.create_by, m.create_time FROM sys_menu AS m INNER JOIN sys_role_menu AS b ON m.id = b.menu_id INNER JOIN sys_user_role AS c ON b.role_id = c.role_id WHERE c.user_id = ? AND m.status = 0 AND m.type = 3 ORDER BY m.sort ASC;
2023-12-27 15:01:13.416 [http-nio-7788-exec-4] DEBUG c.k.k.m.s.m.M.selectUserPermissionMenuList - ==>  Preparing: SELECT DISTINCT m.id, m.parent_id, m.name, m.url, m.permission, m.type, m.icon, m.status, m.sort, m.create_by, m.create_time FROM sys_menu AS m INNER JOIN sys_role_menu AS b ON m.id = b.menu_id INNER JOIN sys_user_role AS c ON b.role_id = c.role_id WHERE m.parent_id = ? AND c.user_id = ? AND m.status = 0 AND m.type != 3 ORDER BY m.sort ASC;
2023-12-27 15:01:13.418 [http-nio-7788-exec-4] DEBUG c.k.k.m.s.m.M.selectUserPermissionMenuList - ==> Parameters: 0(Long), 1(Long)
2023-12-27 15:01:13.418 [http-nio-7788-exec-6] DEBUG c.k.k.m.s.m.M.selectUserPermissionNavMenuList - ==> Parameters: 1(Long)
2023-12-27 15:01:13.440 [http-nio-7788-exec-6] DEBUG c.k.k.m.s.m.M.selectUserPermissionNavMenuList - <==      Total: 0
2023-12-27 15:01:13.444 [http-nio-7788-exec-4] DEBUG c.k.k.m.s.m.M.selectUserPermissionMenuList - <==      Total: 3
2023-12-27 15:01:13.445 [http-nio-7788-exec-4] DEBUG c.k.k.m.s.m.M.selectUserPermissionMenuList - ==>  Preparing: SELECT DISTINCT m.id, m.parent_id, m.name, m.url, m.permission, m.type, m.icon, m.status, m.sort, m.create_by, m.create_time FROM sys_menu AS m INNER JOIN sys_role_menu AS b ON m.id = b.menu_id INNER JOIN sys_user_role AS c ON b.role_id = c.role_id WHERE m.parent_id = ? AND c.user_id = ? AND m.status = 0 AND m.type != 3 ORDER BY m.sort ASC;
2023-12-27 15:01:13.446 [http-nio-7788-exec-4] DEBUG c.k.k.m.s.m.M.selectUserPermissionMenuList - ==> Parameters: 1(Long), 1(Long)
2023-12-27 15:01:13.451 [http-nio-7788-exec-4] DEBUG c.k.k.m.s.m.M.selectUserPermissionMenuList - <==      Total: 4
2023-12-27 15:01:13.452 [http-nio-7788-exec-4] DEBUG c.k.k.m.s.m.M.selectUserPermissionMenuList - ==>  Preparing: SELECT DISTINCT m.id, m.parent_id, m.name, m.url, m.permission, m.type, m.icon, m.status, m.sort, m.create_by, m.create_time FROM sys_menu AS m INNER JOIN sys_role_menu AS b ON m.id = b.menu_id INNER JOIN sys_user_role AS c ON b.role_id = c.role_id WHERE m.parent_id = ? AND c.user_id = ? AND m.status = 0 AND m.type != 3 ORDER BY m.sort ASC;
2023-12-27 15:01:13.453 [http-nio-7788-exec-4] DEBUG c.k.k.m.s.m.M.selectUserPermissionMenuList - ==> Parameters: 37(Long), 1(Long)
2023-12-27 15:01:13.456 [http-nio-7788-exec-4] DEBUG c.k.k.m.s.m.M.selectUserPermissionMenuList - <==      Total: 1
2023-12-27 15:01:13.458 [http-nio-7788-exec-4] DEBUG c.k.k.m.s.m.M.selectUserPermissionMenuList - ==>  Preparing: SELECT DISTINCT m.id, m.parent_id, m.name, m.url, m.permission, m.type, m.icon, m.status, m.sort, m.create_by, m.create_time FROM sys_menu AS m INNER JOIN sys_role_menu AS b ON m.id = b.menu_id INNER JOIN sys_user_role AS c ON b.role_id = c.role_id WHERE m.parent_id = ? AND c.user_id = ? AND m.status = 0 AND m.type != 3 ORDER BY m.sort ASC;
2023-12-27 15:01:13.460 [http-nio-7788-exec-4] DEBUG c.k.k.m.s.m.M.selectUserPermissionMenuList - ==> Parameters: 61(Long), 1(Long)
2023-12-27 15:01:13.465 [http-nio-7788-exec-4] DEBUG c.k.k.m.s.m.M.selectUserPermissionMenuList - <==      Total: 6
2023-12-27 15:01:18.643 [http-nio-7788-exec-5] DEBUG c.k.k.m.sys.mapper.MenuMapper.selectPermission - ==>  Preparing: SELECT DISTINCT b.permission, b.sort FROM sys_menu AS b INNER JOIN sys_role_menu AS c ON b.id = c.menu_id INNER JOIN sys_user_role AS a ON a.role_id = c.role_id WHERE a.user_id = 1 ORDER BY b.sort ASC;
2023-12-27 15:01:18.646 [http-nio-7788-exec-5] DEBUG c.k.k.m.sys.mapper.MenuMapper.selectPermission - ==> Parameters: 
2023-12-27 15:01:18.653 [http-nio-7788-exec-5] DEBUG c.k.k.m.sys.mapper.MenuMapper.selectPermission - <==      Total: 55
2023-12-27 15:01:19.004 [http-nio-7788-exec-7] DEBUG c.k.k.m.f.m.P.selectPoliceInfoList_mpCount - ==>  Preparing: SELECT COUNT(*) FROM func_police_info
2023-12-27 15:01:19.005 [http-nio-7788-exec-7] DEBUG c.k.k.m.f.m.P.selectPoliceInfoList_mpCount - ==> Parameters: 
2023-12-27 15:01:19.008 [http-nio-7788-exec-7] DEBUG c.k.k.m.f.m.P.selectPoliceInfoList_mpCount - <==      Total: 1
2023-12-27 15:01:19.015 [http-nio-7788-exec-7] DEBUG c.k.k.m.f.m.PoliceInfoMapper.selectPoliceInfoList - ==>  Preparing: select id, xm, sfzh, tel, dept_id, dept, xb, csny, cjgzny, cjgany, jwxl, yjny, pass, score, create_time from func_police_info order by score desc LIMIT ?
2023-12-27 15:01:19.017 [http-nio-7788-exec-7] DEBUG c.k.k.m.f.m.PoliceInfoMapper.selectPoliceInfoList - ==> Parameters: 10(Long)
2023-12-27 15:01:19.021 [http-nio-7788-exec-7] DEBUG c.k.k.m.f.m.PoliceInfoMapper.selectPoliceInfoList - <==      Total: 10
2023-12-27 15:01:19.091 [task-1] DEBUG c.k.k.m.func.mapper.UserInfoMapper.selectList - ==>  Preparing: SELECT id_number,avatar FROM func_user_info WHERE (id_number IN (?,?,?,?,?,?,?,?,?,?))
2023-12-27 15:01:19.091 [task-3] DEBUG c.k.k.m.func.mapper.AchievementMapper.selectList - ==>  Preparing: SELECT id,p_id,p_name,content,content1,gg_time,gg_year,file_url,score,status,reason,create_time,update_time FROM func_achievement WHERE (status = ? AND p_id IN (?,?,?,?,?,?,?,?,?,?)) ORDER BY gg_time ASC
2023-12-27 15:01:19.092 [task-1] DEBUG c.k.k.m.func.mapper.UserInfoMapper.selectList - ==> Parameters: 330106196911090017(String), 330106196704062435(String), 330106196807304011(String), 33040219670309003X(String), 330402196508020618(String), 330411197110093615(String), 330106196911034023(String), 330402196602151235(String), 330106196708172412(String), 330402196711191535(String)
2023-12-27 15:01:19.092 [task-3] DEBUG c.k.k.m.func.mapper.AchievementMapper.selectList - ==> Parameters: 1(Integer), 1102(Integer), 789(Integer), 675(Integer), 1100(Integer), 955(Integer), 654(Integer), 1101(Integer), 840(Integer), 842(Integer), 728(Integer)
2023-12-27 15:01:19.095 [task-1] DEBUG c.k.k.m.func.mapper.UserInfoMapper.selectList - <==      Total: 10
2023-12-27 15:01:19.098 [task-3] DEBUG c.k.k.m.func.mapper.AchievementMapper.selectList - <==      Total: 8
2023-12-27 15:01:19.098 [task-2] DEBUG c.k.k.modules.func.mapper.HistoryMapper.selectList - ==>  Preparing: SELECT id,p_id,p_name,content,t_start,t_end,score,remark,create_time FROM func_history WHERE (p_id IN (?,?,?,?,?,?,?,?,?,?)) ORDER BY t_start ASC
2023-12-27 15:01:19.100 [task-2] DEBUG c.k.k.modules.func.mapper.HistoryMapper.selectList - ==> Parameters: 1102(Integer), 789(Integer), 675(Integer), 1100(Integer), 955(Integer), 654(Integer), 1101(Integer), 840(Integer), 842(Integer), 728(Integer)
2023-12-27 15:01:19.100 [task-5] DEBUG c.k.k.m.func.mapper.YearTestMapper.selectList - ==>  Preparing: SELECT id,p_id,p_name,content,gg_time,score,create_time FROM func_year_test WHERE (p_id IN (?,?,?,?,?,?,?,?,?,?)) ORDER BY gg_time ASC
2023-12-27 15:01:19.105 [task-5] DEBUG c.k.k.m.func.mapper.YearTestMapper.selectList - ==> Parameters: 1102(Integer), 789(Integer), 675(Integer), 1100(Integer), 955(Integer), 654(Integer), 1101(Integer), 840(Integer), 842(Integer), 728(Integer)
2023-12-27 15:01:19.107 [task-2] DEBUG c.k.k.modules.func.mapper.HistoryMapper.selectList - <==      Total: 32
2023-12-27 15:01:19.108 [task-5] DEBUG c.k.k.m.func.mapper.YearTestMapper.selectList - <==      Total: 3
2023-12-27 15:01:19.108 [task-4] DEBUG c.k.k.modules.func.mapper.PunishMapper.selectList - ==>  Preparing: SELECT id,p_id,p_name,content,gg_time,score,create_time FROM func_punish WHERE (p_id IN (?,?,?,?,?,?,?,?,?,?)) ORDER BY gg_time ASC
2023-12-27 15:01:19.109 [task-4] DEBUG c.k.k.modules.func.mapper.PunishMapper.selectList - ==> Parameters: 1102(Integer), 789(Integer), 675(Integer), 1100(Integer), 955(Integer), 654(Integer), 1101(Integer), 840(Integer), 842(Integer), 728(Integer)
2023-12-27 15:01:19.111 [task-4] DEBUG c.k.k.modules.func.mapper.PunishMapper.selectList - <==      Total: 0
2023-12-27 15:01:20.880 [http-nio-7788-exec-8] DEBUG c.k.k.m.s.m.M.selectUserPermissionMenuList - ==>  Preparing: SELECT DISTINCT m.id, m.parent_id, m.name, m.url, m.permission, m.type, m.icon, m.status, m.sort, m.create_by, m.create_time FROM sys_menu AS m INNER JOIN sys_role_menu AS b ON m.id = b.menu_id INNER JOIN sys_user_role AS c ON b.role_id = c.role_id WHERE m.parent_id = ? AND c.user_id = ? AND m.status = 0 AND m.type != 3 ORDER BY m.sort ASC;
2023-12-27 15:01:20.882 [http-nio-7788-exec-8] DEBUG c.k.k.m.s.m.M.selectUserPermissionMenuList - ==> Parameters: 0(Long), 1(Long)
2023-12-27 15:01:20.882 [http-nio-7788-exec-3] DEBUG c.k.k.m.s.m.M.selectUserPermissionNavMenuList - ==>  Preparing: SELECT DISTINCT m.id, m.parent_id, m.name, m.url, m.permission, m.type, m.icon, m.status, m.sort, m.create_by, m.create_time FROM sys_menu AS m INNER JOIN sys_role_menu AS b ON m.id = b.menu_id INNER JOIN sys_user_role AS c ON b.role_id = c.role_id WHERE c.user_id = ? AND m.status = 0 AND m.type = 3 ORDER BY m.sort ASC;
2023-12-27 15:01:20.884 [http-nio-7788-exec-3] DEBUG c.k.k.m.s.m.M.selectUserPermissionNavMenuList - ==> Parameters: 1(Long)
2023-12-27 15:01:20.885 [http-nio-7788-exec-3] DEBUG c.k.k.m.s.m.M.selectUserPermissionNavMenuList - <==      Total: 0
2023-12-27 15:01:20.886 [http-nio-7788-exec-8] DEBUG c.k.k.m.s.m.M.selectUserPermissionMenuList - <==      Total: 3
2023-12-27 15:01:20.887 [http-nio-7788-exec-8] DEBUG c.k.k.m.s.m.M.selectUserPermissionMenuList - ==>  Preparing: SELECT DISTINCT m.id, m.parent_id, m.name, m.url, m.permission, m.type, m.icon, m.status, m.sort, m.create_by, m.create_time FROM sys_menu AS m INNER JOIN sys_role_menu AS b ON m.id = b.menu_id INNER JOIN sys_user_role AS c ON b.role_id = c.role_id WHERE m.parent_id = ? AND c.user_id = ? AND m.status = 0 AND m.type != 3 ORDER BY m.sort ASC;
2023-12-27 15:01:20.888 [http-nio-7788-exec-8] DEBUG c.k.k.m.s.m.M.selectUserPermissionMenuList - ==> Parameters: 1(Long), 1(Long)
2023-12-27 15:01:20.891 [http-nio-7788-exec-8] DEBUG c.k.k.m.s.m.M.selectUserPermissionMenuList - <==      Total: 4
2023-12-27 15:01:20.894 [http-nio-7788-exec-8] DEBUG c.k.k.m.s.m.M.selectUserPermissionMenuList - ==>  Preparing: SELECT DISTINCT m.id, m.parent_id, m.name, m.url, m.permission, m.type, m.icon, m.status, m.sort, m.create_by, m.create_time FROM sys_menu AS m INNER JOIN sys_role_menu AS b ON m.id = b.menu_id INNER JOIN sys_user_role AS c ON b.role_id = c.role_id WHERE m.parent_id = ? AND c.user_id = ? AND m.status = 0 AND m.type != 3 ORDER BY m.sort ASC;
2023-12-27 15:01:20.896 [http-nio-7788-exec-8] DEBUG c.k.k.m.s.m.M.selectUserPermissionMenuList - ==> Parameters: 37(Long), 1(Long)
2023-12-27 15:01:20.899 [http-nio-7788-exec-8] DEBUG c.k.k.m.s.m.M.selectUserPermissionMenuList - <==      Total: 1
2023-12-27 15:01:20.901 [http-nio-7788-exec-8] DEBUG c.k.k.m.s.m.M.selectUserPermissionMenuList - ==>  Preparing: SELECT DISTINCT m.id, m.parent_id, m.name, m.url, m.permission, m.type, m.icon, m.status, m.sort, m.create_by, m.create_time FROM sys_menu AS m INNER JOIN sys_role_menu AS b ON m.id = b.menu_id INNER JOIN sys_user_role AS c ON b.role_id = c.role_id WHERE m.parent_id = ? AND c.user_id = ? AND m.status = 0 AND m.type != 3 ORDER BY m.sort ASC;
2023-12-27 15:01:20.903 [http-nio-7788-exec-8] DEBUG c.k.k.m.s.m.M.selectUserPermissionMenuList - ==> Parameters: 61(Long), 1(Long)
2023-12-27 15:01:20.906 [http-nio-7788-exec-8] DEBUG c.k.k.m.s.m.M.selectUserPermissionMenuList - <==      Total: 6
2023-12-27 15:02:18.780 [http-nio-7788-exec-9] DEBUG com.kalvin.kvf.modules.sys.mapper.LogMapper.insert - ==>  Preparing: INSERT INTO sys_log ( user_id, username, operation, forward_action, ip, browser, os, time ) VALUES ( ?, ?, ?, ?, ?, ?, ?, ? )
2023-12-27 15:02:18.783 [http-nio-7788-exec-9] DEBUG com.kalvin.kvf.modules.sys.mapper.LogMapper.insert - ==> Parameters: 1(Long), admin(String), 退出(String), /logout(String), 127.0.0.1(String), Chrome 109.0.0.0(String), Windows(String), 0(Long)
2023-12-27 15:02:18.858 [http-nio-7788-exec-9] DEBUG com.kalvin.kvf.modules.sys.mapper.LogMapper.insert - <==    Updates: 1
2023-12-27 15:02:18.866 [http-nio-7788-exec-9] INFO  com.kalvin.kvf.common.controller.BaseController - admin退出登录
2023-12-27 15:02:25.774 [SpringContextShutdownHook] INFO  o.s.scheduling.concurrent.ThreadPoolTaskExecutor - Shutting down ExecutorService 'applicationTaskExecutor'
2023-12-27 15:02:25.774 [SpringContextShutdownHook] INFO  o.s.cache.ehcache.EhCacheManagerFactoryBean - Shutting down EhCache CacheManager
2023-12-27 15:02:25.796 [SpringContextShutdownHook] INFO  c.b.dynamic.datasource.DynamicRoutingDataSource - dynamic-datasource start closing ....
2023-12-27 15:02:25.798 [SpringContextShutdownHook] INFO  com.alibaba.druid.pool.DruidDataSource - {dataSource-1} closing ...
2023-12-27 15:02:25.805 [SpringContextShutdownHook] INFO  com.alibaba.druid.pool.DruidDataSource - {dataSource-1} closed
2023-12-27 15:02:25.805 [SpringContextShutdownHook] INFO  c.b.dynamic.datasource.DynamicRoutingDataSource - dynamic-datasource all closed success,bye
2023-12-27 15:02:25.806 [SpringContextShutdownHook] INFO  o.a.s.session.mgt.AbstractValidatingSessionManager - Disabled session validation scheduler.
2023-12-27 15:02:36.413 [restartedMain] INFO  com.kalvin.kvf.KvfAdminApplication - Starting KvfAdminApplication on 20201027-PC with PID 14484 (D:\java\kvf-admin-3neng\target\classes started by Administrator in D:\java\kvf-admin-3neng)
2023-12-27 15:02:36.416 [restartedMain] DEBUG com.kalvin.kvf.KvfAdminApplication - Running with Spring Boot v2.2.5.RELEASE, Spring v5.2.4.RELEASE
2023-12-27 15:02:36.416 [restartedMain] INFO  com.kalvin.kvf.KvfAdminApplication - The following profiles are active: test
2023-12-27 15:02:36.457 [restartedMain] INFO  o.s.b.d.env.DevToolsPropertyDefaultsPostProcessor - Devtools property defaults active! Set 'spring.devtools.add-properties' to 'false' to disable
2023-12-27 15:02:36.457 [restartedMain] INFO  o.s.b.d.env.DevToolsPropertyDefaultsPostProcessor - For additional web related logging consider setting the 'logging.level.web' property to 'DEBUG'
2023-12-27 15:02:37.230 [restartedMain] INFO  o.s.d.r.config.RepositoryConfigurationDelegate - Multiple Spring Data modules found, entering strict repository configuration mode!
2023-12-27 15:02:37.232 [restartedMain] INFO  o.s.d.r.config.RepositoryConfigurationDelegate - Bootstrapping Spring Data Redis repositories in DEFAULT mode.
2023-12-27 15:02:37.275 [restartedMain] INFO  o.s.d.r.config.RepositoryConfigurationDelegate - Finished Spring Data repository scanning in 30ms. Found 0 Redis repository interfaces.
2023-12-27 15:02:37.535 [restartedMain] INFO  o.s.c.s.PostProcessorRegistrationDelegate$BeanPostProcessorChecker - Bean 'shiroConfig' of type [com.kalvin.kvf.common.shiro.ShiroConfig$$EnhancerBySpringCGLIB$$fe153f93] is not eligible for getting processed by all BeanPostProcessors (for example: not eligible for auto-proxying)
2023-12-27 15:02:37.612 [restartedMain] INFO  o.s.c.s.PostProcessorRegistrationDelegate$BeanPostProcessorChecker - Bean 'userRealm' of type [com.kalvin.kvf.common.shiro.UserRealm] is not eligible for getting processed by all BeanPostProcessors (for example: not eligible for auto-proxying)
2023-12-27 15:02:37.621 [restartedMain] INFO  o.s.c.s.PostProcessorRegistrationDelegate$BeanPostProcessorChecker - Bean 'sessionManager' of type [org.apache.shiro.web.session.mgt.DefaultWebSessionManager] is not eligible for getting processed by all BeanPostProcessors (for example: not eligible for auto-proxying)
2023-12-27 15:02:37.882 [restartedMain] INFO  o.s.c.s.PostProcessorRegistrationDelegate$BeanPostProcessorChecker - Bean 'ehCacheManager' of type [org.apache.shiro.cache.ehcache.EhCacheManager] is not eligible for getting processed by all BeanPostProcessors (for example: not eligible for auto-proxying)
2023-12-27 15:02:37.883 [restartedMain] INFO  org.apache.shiro.cache.ehcache.EhCacheManager - Cache with name 'com.kalvin.kvf.common.shiro.UserRealm.authorizationCache' does not yet exist.  Creating now.
2023-12-27 15:02:37.898 [restartedMain] INFO  org.apache.shiro.cache.ehcache.EhCacheManager - Added EhCache named [com.kalvin.kvf.common.shiro.UserRealm.authorizationCache]
2023-12-27 15:02:37.982 [restartedMain] INFO  o.s.c.s.PostProcessorRegistrationDelegate$BeanPostProcessorChecker - Bean 'securityManager' of type [org.apache.shiro.web.mgt.DefaultWebSecurityManager] is not eligible for getting processed by all BeanPostProcessors (for example: not eligible for auto-proxying)
2023-12-27 15:02:38.024 [restartedMain] INFO  o.s.c.s.PostProcessorRegistrationDelegate$BeanPostProcessorChecker - Bean 'authorizationAttributeSourceAdvisor' of type [org.apache.shiro.spring.security.interceptor.AuthorizationAttributeSourceAdvisor] is not eligible for getting processed by all BeanPostProcessors (for example: not eligible for auto-proxying)
2023-12-27 15:02:38.068 [restartedMain] INFO  o.s.c.s.PostProcessorRegistrationDelegate$BeanPostProcessorChecker - Bean 'spring.datasource.dynamic-com.baomidou.dynamic.datasource.spring.boot.autoconfigure.DynamicDataSourceProperties' of type [com.baomidou.dynamic.datasource.spring.boot.autoconfigure.DynamicDataSourceProperties] is not eligible for getting processed by all BeanPostProcessors (for example: not eligible for auto-proxying)
2023-12-27 15:02:38.147 [restartedMain] INFO  o.s.c.s.PostProcessorRegistrationDelegate$BeanPostProcessorChecker - Bean 'com.baomidou.dynamic.datasource.spring.boot.autoconfigure.DynamicDataSourceAutoConfiguration' of type [com.baomidou.dynamic.datasource.spring.boot.autoconfigure.DynamicDataSourceAutoConfiguration$$EnhancerBySpringCGLIB$$8e8c2cfd] is not eligible for getting processed by all BeanPostProcessors (for example: not eligible for auto-proxying)
2023-12-27 15:02:38.160 [restartedMain] INFO  o.s.c.s.PostProcessorRegistrationDelegate$BeanPostProcessorChecker - Bean 'dsProcessor' of type [com.baomidou.dynamic.datasource.processor.DsHeaderProcessor] is not eligible for getting processed by all BeanPostProcessors (for example: not eligible for auto-proxying)
2023-12-27 15:02:38.204 [restartedMain] INFO  o.s.c.s.PostProcessorRegistrationDelegate$BeanPostProcessorChecker - Bean 'redisConfig' of type [com.kalvin.kvf.common.config.RedisConfig$$EnhancerBySpringCGLIB$$f4215ab6] is not eligible for getting processed by all BeanPostProcessors (for example: not eligible for auto-proxying)
2023-12-27 15:02:38.538 [restartedMain] INFO  o.s.boot.web.embedded.tomcat.TomcatWebServer - Tomcat initialized with port(s): 7788 (http)
2023-12-27 15:02:38.546 [restartedMain] INFO  org.apache.coyote.http11.Http11NioProtocol - Initializing ProtocolHandler ["http-nio-7788"]
2023-12-27 15:02:38.546 [restartedMain] INFO  org.apache.catalina.core.StandardService - Starting service [Tomcat]
2023-12-27 15:02:38.547 [restartedMain] INFO  org.apache.catalina.core.StandardEngine - Starting Servlet engine: [Apache Tomcat/9.0.31]
2023-12-27 15:02:38.619 [restartedMain] INFO  o.a.c.core.ContainerBase.[Tomcat].[localhost].[/] - Initializing Spring embedded WebApplicationContext
2023-12-27 15:02:38.619 [restartedMain] INFO  org.springframework.web.context.ContextLoader - Root WebApplicationContext: initialization completed in 2161 ms
2023-12-27 15:02:38.726 [restartedMain] INFO  com.kalvin.kvf.common.xss.XssFilter - init XssFilter...
2023-12-27 15:02:38.907 [restartedMain] INFO  com.alibaba.druid.pool.DruidDataSource - {dataSource-1,master} inited
2023-12-27 15:02:38.908 [restartedMain] INFO  c.b.dynamic.datasource.DynamicRoutingDataSource - dynamic-datasource - load a datasource named [master] success
2023-12-27 15:02:38.908 [restartedMain] INFO  c.b.dynamic.datasource.DynamicRoutingDataSource - dynamic-datasource initial loaded [1] datasource,primary datasource named [master]
2023-12-27 15:02:41.477 [restartedMain] INFO  o.s.cache.ehcache.EhCacheManagerFactoryBean - Initializing EhCache CacheManager
2023-12-27 15:02:41.719 [restartedMain] INFO  com.diboot.core.starter.CoreAutoConfig - 启用diboot默认的Jackson自定义配置
2023-12-27 15:02:41.770 [restartedMain] INFO  o.s.scheduling.concurrent.ThreadPoolTaskExecutor - Initializing ExecutorService 'applicationTaskExecutor'
2023-12-27 15:02:41.906 [restartedMain] INFO  o.s.b.a.web.servlet.WelcomePageHandlerMapping - Adding welcome page template: index
2023-12-27 15:02:42.612 [restartedMain] INFO  o.s.b.d.autoconfigure.OptionalLiveReloadServer - LiveReload server is running on port 35729
2023-12-27 15:02:42.702 [restartedMain] INFO  org.apache.coyote.http11.Http11NioProtocol - Starting ProtocolHandler ["http-nio-7788"]
2023-12-27 15:02:42.726 [restartedMain] INFO  o.s.boot.web.embedded.tomcat.TomcatWebServer - Tomcat started on port(s): 7788 (http) with context path ''
2023-12-27 15:02:42.728 [restartedMain] INFO  com.kalvin.kvf.KvfAdminApplication - Started KvfAdminApplication in 7.166 seconds (JVM running for 7.917)
2023-12-27 15:02:45.285 [http-nio-7788-exec-1] INFO  o.a.c.core.ContainerBase.[Tomcat].[localhost].[/] - Initializing Spring DispatcherServlet 'dispatcherServlet'
2023-12-27 15:02:45.286 [http-nio-7788-exec-1] INFO  org.springframework.web.servlet.DispatcherServlet - Initializing Servlet 'dispatcherServlet'
2023-12-27 15:02:45.299 [http-nio-7788-exec-1] INFO  org.springframework.web.servlet.DispatcherServlet - Completed initialization in 13 ms
2023-12-27 15:02:45.319 [http-nio-7788-exec-1] INFO  o.a.s.session.mgt.AbstractValidatingSessionManager - Enabling session validation scheduler...
2023-12-27 15:04:00.154 [http-nio-7788-exec-9] WARN  com.alibaba.druid.pool.DruidAbstractDataSource - discard long time none received connection. , jdbcUrl : jdbc:mysql://127.0.0.1:3306/kvf_admin_3neng?useUnicode=true&characterEncoding=utf-8&zeroDateTimeBehavior=convertToNull&useSSL=false&serverTimezone=GMT%2B8&allowPublicKeyRetrieval=true, version : 1.2.5, lastPacketReceivedIdleMillis : 77116
2023-12-27 15:04:00.161 [http-nio-7788-exec-9] DEBUG c.k.kvf.modules.sys.mapper.UserMapper.selectOne - ==>  Preparing: SELECT id,dept_id,username,password,realname,sex,phone,tel,email,avatar,job_title,status,sort,del_flag,create_by,update_time,create_time FROM sys_user WHERE (username = ?)
2023-12-27 15:04:00.172 [http-nio-7788-exec-9] DEBUG c.k.kvf.modules.sys.mapper.UserMapper.selectOne - ==> Parameters: admin(String)
2023-12-27 15:04:00.184 [http-nio-7788-exec-9] DEBUG c.k.kvf.modules.sys.mapper.UserMapper.selectOne - <==      Total: 1
2023-12-27 15:04:00.222 [http-nio-7788-exec-9] DEBUG com.kalvin.kvf.modules.sys.mapper.LogMapper.insert - ==>  Preparing: INSERT INTO sys_log ( user_id, username, operation, forward_action, ip, browser, os, time ) VALUES ( ?, ?, ?, ?, ?, ?, ?, ? )
2023-12-27 15:04:00.230 [http-nio-7788-exec-9] DEBUG com.kalvin.kvf.modules.sys.mapper.LogMapper.insert - ==> Parameters: 1(Long), admin(String), 登录(String), /login(String), 127.0.0.1(String), Chrome 109.0.0.0(String), Windows(String), 121(Long)
2023-12-27 15:04:00.377 [http-nio-7788-exec-9] DEBUG com.kalvin.kvf.modules.sys.mapper.LogMapper.insert - <==    Updates: 1
2023-12-27 15:04:01.167 [http-nio-7788-exec-4] DEBUG c.k.kvf.modules.sys.mapper.UserMapper.selectById - ==>  Preparing: SELECT id,dept_id,username,password,realname,sex,phone,tel,email,avatar,job_title,status,sort,del_flag,create_by,update_time,create_time FROM sys_user WHERE id=?
2023-12-27 15:04:01.170 [http-nio-7788-exec-4] DEBUG c.k.kvf.modules.sys.mapper.UserMapper.selectById - ==> Parameters: 1(Long)
2023-12-27 15:04:01.174 [http-nio-7788-exec-4] DEBUG c.k.kvf.modules.sys.mapper.UserMapper.selectById - <==      Total: 1
2023-12-27 15:04:01.489 [http-nio-7788-exec-9] ERROR com.kalvin.kvf.common.controller.CommonController - D:\java\kvf-admin-3neng\userFile\avatar\20230206\0.jpeg (系统找不到指定的路径。)
java.io.FileNotFoundException: D:\java\kvf-admin-3neng\userFile\avatar\20230206\0.jpeg (系统找不到指定的路径。)
	at java.io.FileInputStream.open0(Native Method)
	at java.io.FileInputStream.open(FileInputStream.java:195)
	at java.io.FileInputStream.<init>(FileInputStream.java:138)
	at com.kalvin.kvf.common.controller.CommonController.staticImage(CommonController.java:73)
	at sun.reflect.NativeMethodAccessorImpl.invoke0(Native Method)
	at sun.reflect.NativeMethodAccessorImpl.invoke(NativeMethodAccessorImpl.java:62)
	at sun.reflect.DelegatingMethodAccessorImpl.invoke(DelegatingMethodAccessorImpl.java:43)
	at java.lang.reflect.Method.invoke(Method.java:498)
	at org.springframework.web.method.support.InvocableHandlerMethod.doInvoke(InvocableHandlerMethod.java:190)
	at org.springframework.web.method.support.InvocableHandlerMethod.invokeForRequest(InvocableHandlerMethod.java:138)
	at org.springframework.web.servlet.mvc.method.annotation.ServletInvocableHandlerMethod.invokeAndHandle(ServletInvocableHandlerMethod.java:106)
	at org.springframework.web.servlet.mvc.method.annotation.RequestMappingHandlerAdapter.invokeHandlerMethod(RequestMappingHandlerAdapter.java:879)
	at org.springframework.web.servlet.mvc.method.annotation.RequestMappingHandlerAdapter.handleInternal(RequestMappingHandlerAdapter.java:793)
	at org.springframework.web.servlet.mvc.method.AbstractHandlerMethodAdapter.handle(AbstractHandlerMethodAdapter.java:87)
	at org.springframework.web.servlet.DispatcherServlet.doDispatch(DispatcherServlet.java:1040)
	at org.springframework.web.servlet.DispatcherServlet.doService(DispatcherServlet.java:943)
	at org.springframework.web.servlet.FrameworkServlet.processRequest(FrameworkServlet.java:1006)
	at org.springframework.web.servlet.FrameworkServlet.doGet(FrameworkServlet.java:898)
	at javax.servlet.http.HttpServlet.service(HttpServlet.java:634)
	at org.springframework.web.servlet.FrameworkServlet.service(FrameworkServlet.java:883)
	at javax.servlet.http.HttpServlet.service(HttpServlet.java:741)
	at org.apache.catalina.core.ApplicationFilterChain.internalDoFilter(ApplicationFilterChain.java:231)
	at org.apache.catalina.core.ApplicationFilterChain.doFilter(ApplicationFilterChain.java:166)
	at org.apache.tomcat.websocket.server.WsFilter.doFilter(WsFilter.java:53)
	at org.apache.catalina.core.ApplicationFilterChain.internalDoFilter(ApplicationFilterChain.java:193)
	at org.apache.catalina.core.ApplicationFilterChain.doFilter(ApplicationFilterChain.java:166)
	at org.apache.shiro.web.servlet.ProxiedFilterChain.doFilter(ProxiedFilterChain.java:61)
	at org.apache.shiro.web.servlet.AdviceFilter.executeChain(AdviceFilter.java:108)
	at org.apache.shiro.web.servlet.AdviceFilter.doFilterInternal(AdviceFilter.java:137)
	at org.apache.shiro.web.servlet.OncePerRequestFilter.doFilter(OncePerRequestFilter.java:125)
	at org.apache.shiro.web.servlet.ProxiedFilterChain.doFilter(ProxiedFilterChain.java:66)
	at org.apache.shiro.web.servlet.AdviceFilter.executeChain(AdviceFilter.java:108)
	at org.apache.shiro.web.servlet.AdviceFilter.doFilterInternal(AdviceFilter.java:137)
	at org.apache.shiro.web.servlet.OncePerRequestFilter.doFilter(OncePerRequestFilter.java:125)
	at org.apache.shiro.web.servlet.ProxiedFilterChain.doFilter(ProxiedFilterChain.java:66)
	at org.apache.shiro.web.servlet.AdviceFilter.executeChain(AdviceFilter.java:108)
	at org.apache.shiro.web.servlet.AdviceFilter.doFilterInternal(AdviceFilter.java:137)
	at org.apache.shiro.web.servlet.OncePerRequestFilter.doFilter(OncePerRequestFilter.java:125)
	at org.apache.shiro.web.servlet.ProxiedFilterChain.doFilter(ProxiedFilterChain.java:66)
	at org.apache.shiro.web.servlet.AbstractShiroFilter.executeChain(AbstractShiroFilter.java:450)
	at org.apache.shiro.web.servlet.AbstractShiroFilter$1.call(AbstractShiroFilter.java:365)
	at org.apache.shiro.subject.support.SubjectCallable.doCall(SubjectCallable.java:90)
	at org.apache.shiro.subject.support.SubjectCallable.call(SubjectCallable.java:83)
	at org.apache.shiro.subject.support.DelegatingSubject.execute(DelegatingSubject.java:387)
	at org.apache.shiro.web.servlet.AbstractShiroFilter.doFilterInternal(AbstractShiroFilter.java:362)
	at org.apache.shiro.web.servlet.OncePerRequestFilter.doFilter(OncePerRequestFilter.java:125)
	at org.apache.catalina.core.ApplicationFilterChain.internalDoFilter(ApplicationFilterChain.java:193)
	at org.apache.catalina.core.ApplicationFilterChain.doFilter(ApplicationFilterChain.java:166)
	at org.apache.shiro.web.servlet.AdviceFilter.executeChain(AdviceFilter.java:108)
	at org.apache.shiro.web.servlet.AdviceFilter.doFilterInternal(AdviceFilter.java:137)
	at org.apache.shiro.web.servlet.OncePerRequestFilter.doFilter(OncePerRequestFilter.java:125)
	at org.apache.catalina.core.ApplicationFilterChain.internalDoFilter(ApplicationFilterChain.java:193)
	at org.apache.catalina.core.ApplicationFilterChain.doFilter(ApplicationFilterChain.java:166)
	at com.kalvin.kvf.common.xss.XssFilter.doFilter(XssFilter.java:33)
	at org.apache.catalina.core.ApplicationFilterChain.internalDoFilter(ApplicationFilterChain.java:193)
	at org.apache.catalina.core.ApplicationFilterChain.doFilter(ApplicationFilterChain.java:166)
	at org.springframework.web.filter.RequestContextFilter.doFilterInternal(RequestContextFilter.java:100)
	at org.springframework.web.filter.OncePerRequestFilter.doFilter(OncePerRequestFilter.java:119)
	at org.apache.catalina.core.ApplicationFilterChain.internalDoFilter(ApplicationFilterChain.java:193)
	at org.apache.catalina.core.ApplicationFilterChain.doFilter(ApplicationFilterChain.java:166)
	at org.springframework.web.filter.FormContentFilter.doFilterInternal(FormContentFilter.java:93)
	at org.springframework.web.filter.OncePerRequestFilter.doFilter(OncePerRequestFilter.java:119)
	at org.apache.catalina.core.ApplicationFilterChain.internalDoFilter(ApplicationFilterChain.java:193)
	at org.apache.catalina.core.ApplicationFilterChain.doFilter(ApplicationFilterChain.java:166)
	at org.springframework.web.filter.CharacterEncodingFilter.doFilterInternal(CharacterEncodingFilter.java:201)
	at org.springframework.web.filter.OncePerRequestFilter.doFilter(OncePerRequestFilter.java:119)
	at org.apache.catalina.core.ApplicationFilterChain.internalDoFilter(ApplicationFilterChain.java:193)
	at org.apache.catalina.core.ApplicationFilterChain.doFilter(ApplicationFilterChain.java:166)
	at org.apache.catalina.core.StandardWrapperValve.invoke(StandardWrapperValve.java:202)
	at org.apache.catalina.core.StandardContextValve.invoke(StandardContextValve.java:96)
	at org.apache.catalina.authenticator.AuthenticatorBase.invoke(AuthenticatorBase.java:541)
	at org.apache.catalina.core.StandardHostValve.invoke(StandardHostValve.java:139)
	at org.apache.catalina.valves.ErrorReportValve.invoke(ErrorReportValve.java:92)
	at org.apache.catalina.core.StandardEngineValve.invoke(StandardEngineValve.java:74)
	at org.apache.catalina.connector.CoyoteAdapter.service(CoyoteAdapter.java:343)
	at org.apache.coyote.http11.Http11Processor.service(Http11Processor.java:367)
	at org.apache.coyote.AbstractProcessorLight.process(AbstractProcessorLight.java:65)
	at org.apache.coyote.AbstractProtocol$ConnectionHandler.process(AbstractProtocol.java:868)
	at org.apache.tomcat.util.net.NioEndpoint$SocketProcessor.doRun(NioEndpoint.java:1639)
	at org.apache.tomcat.util.net.SocketProcessorBase.run(SocketProcessorBase.java:49)
	at java.util.concurrent.ThreadPoolExecutor.runWorker(ThreadPoolExecutor.java:1149)
	at java.util.concurrent.ThreadPoolExecutor$Worker.run(ThreadPoolExecutor.java:624)
	at org.apache.tomcat.util.threads.TaskThread$WrappingRunnable.run(TaskThread.java:61)
	at java.lang.Thread.run(Thread.java:748)
2023-12-27 15:04:01.499 [http-nio-7788-exec-9] ERROR com.kalvin.kvf.common.exception.ExceptHandler - kvf-admin error:
com.kalvin.kvf.common.exception.KvfException: 访问静态图片【D:\java\kvf-admin-3neng\userFile/avatar/20230206/0.jpeg】出错：D:\java\kvf-admin-3neng\userFile\avatar\20230206\0.jpeg (系统找不到指定的路径。)
	at com.kalvin.kvf.common.controller.CommonController.staticImage(CommonController.java:76)
	at sun.reflect.NativeMethodAccessorImpl.invoke0(Native Method)
	at sun.reflect.NativeMethodAccessorImpl.invoke(NativeMethodAccessorImpl.java:62)
	at sun.reflect.DelegatingMethodAccessorImpl.invoke(DelegatingMethodAccessorImpl.java:43)
	at java.lang.reflect.Method.invoke(Method.java:498)
	at org.springframework.web.method.support.InvocableHandlerMethod.doInvoke(InvocableHandlerMethod.java:190)
	at org.springframework.web.method.support.InvocableHandlerMethod.invokeForRequest(InvocableHandlerMethod.java:138)
	at org.springframework.web.servlet.mvc.method.annotation.ServletInvocableHandlerMethod.invokeAndHandle(ServletInvocableHandlerMethod.java:106)
	at org.springframework.web.servlet.mvc.method.annotation.RequestMappingHandlerAdapter.invokeHandlerMethod(RequestMappingHandlerAdapter.java:879)
	at org.springframework.web.servlet.mvc.method.annotation.RequestMappingHandlerAdapter.handleInternal(RequestMappingHandlerAdapter.java:793)
	at org.springframework.web.servlet.mvc.method.AbstractHandlerMethodAdapter.handle(AbstractHandlerMethodAdapter.java:87)
	at org.springframework.web.servlet.DispatcherServlet.doDispatch(DispatcherServlet.java:1040)
	at org.springframework.web.servlet.DispatcherServlet.doService(DispatcherServlet.java:943)
	at org.springframework.web.servlet.FrameworkServlet.processRequest(FrameworkServlet.java:1006)
	at org.springframework.web.servlet.FrameworkServlet.doGet(FrameworkServlet.java:898)
	at javax.servlet.http.HttpServlet.service(HttpServlet.java:634)
	at org.springframework.web.servlet.FrameworkServlet.service(FrameworkServlet.java:883)
	at javax.servlet.http.HttpServlet.service(HttpServlet.java:741)
	at org.apache.catalina.core.ApplicationFilterChain.internalDoFilter(ApplicationFilterChain.java:231)
	at org.apache.catalina.core.ApplicationFilterChain.doFilter(ApplicationFilterChain.java:166)
	at org.apache.tomcat.websocket.server.WsFilter.doFilter(WsFilter.java:53)
	at org.apache.catalina.core.ApplicationFilterChain.internalDoFilter(ApplicationFilterChain.java:193)
	at org.apache.catalina.core.ApplicationFilterChain.doFilter(ApplicationFilterChain.java:166)
	at org.apache.shiro.web.servlet.ProxiedFilterChain.doFilter(ProxiedFilterChain.java:61)
	at org.apache.shiro.web.servlet.AdviceFilter.executeChain(AdviceFilter.java:108)
	at org.apache.shiro.web.servlet.AdviceFilter.doFilterInternal(AdviceFilter.java:137)
	at org.apache.shiro.web.servlet.OncePerRequestFilter.doFilter(OncePerRequestFilter.java:125)
	at org.apache.shiro.web.servlet.ProxiedFilterChain.doFilter(ProxiedFilterChain.java:66)
	at org.apache.shiro.web.servlet.AdviceFilter.executeChain(AdviceFilter.java:108)
	at org.apache.shiro.web.servlet.AdviceFilter.doFilterInternal(AdviceFilter.java:137)
	at org.apache.shiro.web.servlet.OncePerRequestFilter.doFilter(OncePerRequestFilter.java:125)
	at org.apache.shiro.web.servlet.ProxiedFilterChain.doFilter(ProxiedFilterChain.java:66)
	at org.apache.shiro.web.servlet.AdviceFilter.executeChain(AdviceFilter.java:108)
	at org.apache.shiro.web.servlet.AdviceFilter.doFilterInternal(AdviceFilter.java:137)
	at org.apache.shiro.web.servlet.OncePerRequestFilter.doFilter(OncePerRequestFilter.java:125)
	at org.apache.shiro.web.servlet.ProxiedFilterChain.doFilter(ProxiedFilterChain.java:66)
	at org.apache.shiro.web.servlet.AbstractShiroFilter.executeChain(AbstractShiroFilter.java:450)
	at org.apache.shiro.web.servlet.AbstractShiroFilter$1.call(AbstractShiroFilter.java:365)
	at org.apache.shiro.subject.support.SubjectCallable.doCall(SubjectCallable.java:90)
	at org.apache.shiro.subject.support.SubjectCallable.call(SubjectCallable.java:83)
	at org.apache.shiro.subject.support.DelegatingSubject.execute(DelegatingSubject.java:387)
	at org.apache.shiro.web.servlet.AbstractShiroFilter.doFilterInternal(AbstractShiroFilter.java:362)
	at org.apache.shiro.web.servlet.OncePerRequestFilter.doFilter(OncePerRequestFilter.java:125)
	at org.apache.catalina.core.ApplicationFilterChain.internalDoFilter(ApplicationFilterChain.java:193)
	at org.apache.catalina.core.ApplicationFilterChain.doFilter(ApplicationFilterChain.java:166)
	at org.apache.shiro.web.servlet.AdviceFilter.executeChain(AdviceFilter.java:108)
	at org.apache.shiro.web.servlet.AdviceFilter.doFilterInternal(AdviceFilter.java:137)
	at org.apache.shiro.web.servlet.OncePerRequestFilter.doFilter(OncePerRequestFilter.java:125)
	at org.apache.catalina.core.ApplicationFilterChain.internalDoFilter(ApplicationFilterChain.java:193)
	at org.apache.catalina.core.ApplicationFilterChain.doFilter(ApplicationFilterChain.java:166)
	at com.kalvin.kvf.common.xss.XssFilter.doFilter(XssFilter.java:33)
	at org.apache.catalina.core.ApplicationFilterChain.internalDoFilter(ApplicationFilterChain.java:193)
	at org.apache.catalina.core.ApplicationFilterChain.doFilter(ApplicationFilterChain.java:166)
	at org.springframework.web.filter.RequestContextFilter.doFilterInternal(RequestContextFilter.java:100)
	at org.springframework.web.filter.OncePerRequestFilter.doFilter(OncePerRequestFilter.java:119)
	at org.apache.catalina.core.ApplicationFilterChain.internalDoFilter(ApplicationFilterChain.java:193)
	at org.apache.catalina.core.ApplicationFilterChain.doFilter(ApplicationFilterChain.java:166)
	at org.springframework.web.filter.FormContentFilter.doFilterInternal(FormContentFilter.java:93)
	at org.springframework.web.filter.OncePerRequestFilter.doFilter(OncePerRequestFilter.java:119)
	at org.apache.catalina.core.ApplicationFilterChain.internalDoFilter(ApplicationFilterChain.java:193)
	at org.apache.catalina.core.ApplicationFilterChain.doFilter(ApplicationFilterChain.java:166)
	at org.springframework.web.filter.CharacterEncodingFilter.doFilterInternal(CharacterEncodingFilter.java:201)
	at org.springframework.web.filter.OncePerRequestFilter.doFilter(OncePerRequestFilter.java:119)
	at org.apache.catalina.core.ApplicationFilterChain.internalDoFilter(ApplicationFilterChain.java:193)
	at org.apache.catalina.core.ApplicationFilterChain.doFilter(ApplicationFilterChain.java:166)
	at org.apache.catalina.core.StandardWrapperValve.invoke(StandardWrapperValve.java:202)
	at org.apache.catalina.core.StandardContextValve.invoke(StandardContextValve.java:96)
	at org.apache.catalina.authenticator.AuthenticatorBase.invoke(AuthenticatorBase.java:541)
	at org.apache.catalina.core.StandardHostValve.invoke(StandardHostValve.java:139)
	at org.apache.catalina.valves.ErrorReportValve.invoke(ErrorReportValve.java:92)
	at org.apache.catalina.core.StandardEngineValve.invoke(StandardEngineValve.java:74)
	at org.apache.catalina.connector.CoyoteAdapter.service(CoyoteAdapter.java:343)
	at org.apache.coyote.http11.Http11Processor.service(Http11Processor.java:367)
	at org.apache.coyote.AbstractProcessorLight.process(AbstractProcessorLight.java:65)
	at org.apache.coyote.AbstractProtocol$ConnectionHandler.process(AbstractProtocol.java:868)
	at org.apache.tomcat.util.net.NioEndpoint$SocketProcessor.doRun(NioEndpoint.java:1639)
	at org.apache.tomcat.util.net.SocketProcessorBase.run(SocketProcessorBase.java:49)
	at java.util.concurrent.ThreadPoolExecutor.runWorker(ThreadPoolExecutor.java:1149)
	at java.util.concurrent.ThreadPoolExecutor$Worker.run(ThreadPoolExecutor.java:624)
	at org.apache.tomcat.util.threads.TaskThread$WrappingRunnable.run(TaskThread.java:61)
	at java.lang.Thread.run(Thread.java:748)
2023-12-27 15:04:01.507 [http-nio-7788-exec-9] WARN  o.s.w.s.m.m.a.ExceptionHandlerExceptionResolver - Resolved [com.kalvin.kvf.common.exception.KvfException: 访问静态图片【D:\java\kvf-admin-3neng\userFile/avatar/20230206/0.jpeg】出错：D:\java\kvf-admin-3neng\userFile\avatar\20230206\0.jpeg (系统找不到指定的路径。)]
2023-12-27 15:04:01.619 [http-nio-7788-exec-3] DEBUG c.k.k.m.s.m.M.selectUserPermissionNavMenuList - ==>  Preparing: SELECT DISTINCT m.id, m.parent_id, m.name, m.url, m.permission, m.type, m.icon, m.status, m.sort, m.create_by, m.create_time FROM sys_menu AS m INNER JOIN sys_role_menu AS b ON m.id = b.menu_id INNER JOIN sys_user_role AS c ON b.role_id = c.role_id WHERE c.user_id = ? AND m.status = 0 AND m.type = 3 ORDER BY m.sort ASC;
2023-12-27 15:04:01.632 [http-nio-7788-exec-9] DEBUG c.k.k.m.s.m.M.selectUserPermissionMenuList - ==>  Preparing: SELECT DISTINCT m.id, m.parent_id, m.name, m.url, m.permission, m.type, m.icon, m.status, m.sort, m.create_by, m.create_time FROM sys_menu AS m INNER JOIN sys_role_menu AS b ON m.id = b.menu_id INNER JOIN sys_user_role AS c ON b.role_id = c.role_id WHERE m.parent_id = ? AND c.user_id = ? AND m.status = 0 AND m.type != 3 ORDER BY m.sort ASC;
2023-12-27 15:04:01.634 [http-nio-7788-exec-3] DEBUG c.k.k.m.s.m.M.selectUserPermissionNavMenuList - ==> Parameters: 1(Long)
2023-12-27 15:04:01.635 [http-nio-7788-exec-9] DEBUG c.k.k.m.s.m.M.selectUserPermissionMenuList - ==> Parameters: 0(Long), 1(Long)
2023-12-27 15:04:01.636 [http-nio-7788-exec-3] DEBUG c.k.k.m.s.m.M.selectUserPermissionNavMenuList - <==      Total: 0
2023-12-27 15:04:01.642 [http-nio-7788-exec-9] DEBUG c.k.k.m.s.m.M.selectUserPermissionMenuList - <==      Total: 3
2023-12-27 15:04:01.644 [http-nio-7788-exec-9] DEBUG c.k.k.m.s.m.M.selectUserPermissionMenuList - ==>  Preparing: SELECT DISTINCT m.id, m.parent_id, m.name, m.url, m.permission, m.type, m.icon, m.status, m.sort, m.create_by, m.create_time FROM sys_menu AS m INNER JOIN sys_role_menu AS b ON m.id = b.menu_id INNER JOIN sys_user_role AS c ON b.role_id = c.role_id WHERE m.parent_id = ? AND c.user_id = ? AND m.status = 0 AND m.type != 3 ORDER BY m.sort ASC;
2023-12-27 15:04:01.646 [http-nio-7788-exec-9] DEBUG c.k.k.m.s.m.M.selectUserPermissionMenuList - ==> Parameters: 1(Long), 1(Long)
2023-12-27 15:04:01.648 [http-nio-7788-exec-9] DEBUG c.k.k.m.s.m.M.selectUserPermissionMenuList - <==      Total: 4
2023-12-27 15:04:01.649 [http-nio-7788-exec-9] DEBUG c.k.k.m.s.m.M.selectUserPermissionMenuList - ==>  Preparing: SELECT DISTINCT m.id, m.parent_id, m.name, m.url, m.permission, m.type, m.icon, m.status, m.sort, m.create_by, m.create_time FROM sys_menu AS m INNER JOIN sys_role_menu AS b ON m.id = b.menu_id INNER JOIN sys_user_role AS c ON b.role_id = c.role_id WHERE m.parent_id = ? AND c.user_id = ? AND m.status = 0 AND m.type != 3 ORDER BY m.sort ASC;
2023-12-27 15:04:01.650 [http-nio-7788-exec-9] DEBUG c.k.k.m.s.m.M.selectUserPermissionMenuList - ==> Parameters: 37(Long), 1(Long)
2023-12-27 15:04:01.653 [http-nio-7788-exec-9] DEBUG c.k.k.m.s.m.M.selectUserPermissionMenuList - <==      Total: 1
2023-12-27 15:04:01.653 [http-nio-7788-exec-9] DEBUG c.k.k.m.s.m.M.selectUserPermissionMenuList - ==>  Preparing: SELECT DISTINCT m.id, m.parent_id, m.name, m.url, m.permission, m.type, m.icon, m.status, m.sort, m.create_by, m.create_time FROM sys_menu AS m INNER JOIN sys_role_menu AS b ON m.id = b.menu_id INNER JOIN sys_user_role AS c ON b.role_id = c.role_id WHERE m.parent_id = ? AND c.user_id = ? AND m.status = 0 AND m.type != 3 ORDER BY m.sort ASC;
2023-12-27 15:04:01.654 [http-nio-7788-exec-9] DEBUG c.k.k.m.s.m.M.selectUserPermissionMenuList - ==> Parameters: 61(Long), 1(Long)
2023-12-27 15:04:01.657 [http-nio-7788-exec-9] DEBUG c.k.k.m.s.m.M.selectUserPermissionMenuList - <==      Total: 6
2023-12-27 15:04:04.255 [http-nio-7788-exec-2] DEBUG com.kalvin.kvf.modules.sys.mapper.LogMapper.insert - ==>  Preparing: INSERT INTO sys_log ( user_id, username, operation, forward_action, ip, browser, os, time ) VALUES ( ?, ?, ?, ?, ?, ?, ?, ? )
2023-12-27 15:04:04.257 [http-nio-7788-exec-2] DEBUG com.kalvin.kvf.modules.sys.mapper.LogMapper.insert - ==> Parameters: 1(Long), admin(String), 退出(String), /logout(String), 127.0.0.1(String), Chrome 109.0.0.0(String), Windows(String), 0(Long)
2023-12-27 15:04:04.349 [http-nio-7788-exec-2] DEBUG com.kalvin.kvf.modules.sys.mapper.LogMapper.insert - <==    Updates: 1
2023-12-27 15:04:04.359 [http-nio-7788-exec-2] INFO  com.kalvin.kvf.common.controller.BaseController - admin退出登录
2023-12-27 15:05:27.241 [http-nio-7788-exec-1] WARN  com.alibaba.druid.pool.DruidAbstractDataSource - discard long time none received connection. , jdbcUrl : jdbc:mysql://127.0.0.1:3306/kvf_admin_3neng?useUnicode=true&characterEncoding=utf-8&zeroDateTimeBehavior=convertToNull&useSSL=false&serverTimezone=GMT%2B8&allowPublicKeyRetrieval=true, version : 1.2.5, lastPacketReceivedIdleMillis : 82892
2023-12-27 15:05:27.246 [http-nio-7788-exec-1] WARN  com.alibaba.druid.pool.DruidAbstractDataSource - discard long time none received connection. , jdbcUrl : jdbc:mysql://127.0.0.1:3306/kvf_admin_3neng?useUnicode=true&characterEncoding=utf-8&zeroDateTimeBehavior=convertToNull&useSSL=false&serverTimezone=GMT%2B8&allowPublicKeyRetrieval=true, version : 1.2.5, lastPacketReceivedIdleMillis : 85609
2023-12-27 15:05:27.254 [http-nio-7788-exec-1] DEBUG c.k.kvf.modules.sys.mapper.UserMapper.selectOne - ==>  Preparing: SELECT id,dept_id,username,password,realname,sex,phone,tel,email,avatar,job_title,status,sort,del_flag,create_by,update_time,create_time FROM sys_user WHERE (username = ?)
2023-12-27 15:05:27.256 [http-nio-7788-exec-1] DEBUG c.k.kvf.modules.sys.mapper.UserMapper.selectOne - ==> Parameters: 33041119741115301X(String)
2023-12-27 15:05:27.266 [http-nio-7788-exec-1] DEBUG c.k.kvf.modules.sys.mapper.UserMapper.selectOne - <==      Total: 1
2023-12-27 15:05:27.276 [http-nio-7788-exec-1] ERROR com.kalvin.kvf.common.controller.BaseController - 账号或密码不正确
org.apache.shiro.authc.IncorrectCredentialsException: 账号或密码不正确
	at com.kalvin.kvf.common.shiro.UserRealm.doGetAuthenticationInfo(UserRealm.java:108)
	at org.apache.shiro.realm.AuthenticatingRealm.getAuthenticationInfo(AuthenticatingRealm.java:571)
	at org.apache.shiro.authc.pam.ModularRealmAuthenticator.doSingleRealmAuthentication(ModularRealmAuthenticator.java:180)
	at org.apache.shiro.authc.pam.ModularRealmAuthenticator.doAuthenticate(ModularRealmAuthenticator.java:273)
	at org.apache.shiro.authc.AbstractAuthenticator.authenticate(AbstractAuthenticator.java:198)
	at org.apache.shiro.mgt.AuthenticatingSecurityManager.authenticate(AuthenticatingSecurityManager.java:106)
	at org.apache.shiro.mgt.DefaultSecurityManager.login(DefaultSecurityManager.java:275)
	at org.apache.shiro.subject.support.DelegatingSubject.login(DelegatingSubject.java:260)
	at com.kalvin.kvf.modules.sys.controller.LoginController.login(LoginController.java:72)
	at com.kalvin.kvf.modules.sys.controller.LoginController$$FastClassBySpringCGLIB$$b4d1a94a.invoke(<generated>)
	at org.springframework.cglib.proxy.MethodProxy.invoke(MethodProxy.java:218)
	at org.springframework.aop.framework.CglibAopProxy$CglibMethodInvocation.invokeJoinpoint(CglibAopProxy.java:769)
	at org.springframework.aop.framework.ReflectiveMethodInvocation.proceed(ReflectiveMethodInvocation.java:163)
	at org.springframework.aop.framework.CglibAopProxy$CglibMethodInvocation.proceed(CglibAopProxy.java:747)
	at org.springframework.aop.framework.adapter.MethodBeforeAdviceInterceptor.invoke(MethodBeforeAdviceInterceptor.java:56)
	at org.springframework.aop.framework.ReflectiveMethodInvocation.proceed(ReflectiveMethodInvocation.java:175)
	at org.springframework.aop.framework.CglibAopProxy$CglibMethodInvocation.proceed(CglibAopProxy.java:747)
	at org.springframework.aop.aspectj.MethodInvocationProceedingJoinPoint.proceed(MethodInvocationProceedingJoinPoint.java:88)
	at com.kalvin.kvf.common.aspect.ActionAspect.around(ActionAspect.java:61)
	at sun.reflect.NativeMethodAccessorImpl.invoke0(Native Method)
	at sun.reflect.NativeMethodAccessorImpl.invoke(NativeMethodAccessorImpl.java:62)
	at sun.reflect.DelegatingMethodAccessorImpl.invoke(DelegatingMethodAccessorImpl.java:43)
	at java.lang.reflect.Method.invoke(Method.java:498)
	at org.springframework.aop.aspectj.AbstractAspectJAdvice.invokeAdviceMethodWithGivenArgs(AbstractAspectJAdvice.java:644)
	at org.springframework.aop.aspectj.AbstractAspectJAdvice.invokeAdviceMethod(AbstractAspectJAdvice.java:633)
	at org.springframework.aop.aspectj.AspectJAroundAdvice.invoke(AspectJAroundAdvice.java:70)
	at org.springframework.aop.framework.ReflectiveMethodInvocation.proceed(ReflectiveMethodInvocation.java:175)
	at org.springframework.aop.framework.CglibAopProxy$CglibMethodInvocation.proceed(CglibAopProxy.java:747)
	at org.springframework.aop.interceptor.ExposeInvocationInterceptor.invoke(ExposeInvocationInterceptor.java:95)
	at org.springframework.aop.framework.ReflectiveMethodInvocation.proceed(ReflectiveMethodInvocation.java:186)
	at org.springframework.aop.framework.CglibAopProxy$CglibMethodInvocation.proceed(CglibAopProxy.java:747)
	at org.springframework.aop.framework.CglibAopProxy$DynamicAdvisedInterceptor.intercept(CglibAopProxy.java:689)
	at com.kalvin.kvf.modules.sys.controller.LoginController$$EnhancerBySpringCGLIB$$1b2716d2.login(<generated>)
	at sun.reflect.NativeMethodAccessorImpl.invoke0(Native Method)
	at sun.reflect.NativeMethodAccessorImpl.invoke(NativeMethodAccessorImpl.java:62)
	at sun.reflect.DelegatingMethodAccessorImpl.invoke(DelegatingMethodAccessorImpl.java:43)
	at java.lang.reflect.Method.invoke(Method.java:498)
	at org.springframework.web.method.support.InvocableHandlerMethod.doInvoke(InvocableHandlerMethod.java:190)
	at org.springframework.web.method.support.InvocableHandlerMethod.invokeForRequest(InvocableHandlerMethod.java:138)
	at org.springframework.web.servlet.mvc.method.annotation.ServletInvocableHandlerMethod.invokeAndHandle(ServletInvocableHandlerMethod.java:106)
	at org.springframework.web.servlet.mvc.method.annotation.RequestMappingHandlerAdapter.invokeHandlerMethod(RequestMappingHandlerAdapter.java:879)
	at org.springframework.web.servlet.mvc.method.annotation.RequestMappingHandlerAdapter.handleInternal(RequestMappingHandlerAdapter.java:793)
	at org.springframework.web.servlet.mvc.method.AbstractHandlerMethodAdapter.handle(AbstractHandlerMethodAdapter.java:87)
	at org.springframework.web.servlet.DispatcherServlet.doDispatch(DispatcherServlet.java:1040)
	at org.springframework.web.servlet.DispatcherServlet.doService(DispatcherServlet.java:943)
	at org.springframework.web.servlet.FrameworkServlet.processRequest(FrameworkServlet.java:1006)
	at org.springframework.web.servlet.FrameworkServlet.doPost(FrameworkServlet.java:909)
	at javax.servlet.http.HttpServlet.service(HttpServlet.java:660)
	at org.springframework.web.servlet.FrameworkServlet.service(FrameworkServlet.java:883)
	at javax.servlet.http.HttpServlet.service(HttpServlet.java:741)
	at org.apache.catalina.core.ApplicationFilterChain.internalDoFilter(ApplicationFilterChain.java:231)
	at org.apache.catalina.core.ApplicationFilterChain.doFilter(ApplicationFilterChain.java:166)
	at org.apache.tomcat.websocket.server.WsFilter.doFilter(WsFilter.java:53)
	at org.apache.catalina.core.ApplicationFilterChain.internalDoFilter(ApplicationFilterChain.java:193)
	at org.apache.catalina.core.ApplicationFilterChain.doFilter(ApplicationFilterChain.java:166)
	at org.apache.shiro.web.servlet.ProxiedFilterChain.doFilter(ProxiedFilterChain.java:61)
	at org.apache.shiro.web.servlet.AdviceFilter.executeChain(AdviceFilter.java:108)
	at org.apache.shiro.web.servlet.AdviceFilter.doFilterInternal(AdviceFilter.java:137)
	at org.apache.shiro.web.servlet.OncePerRequestFilter.doFilter(OncePerRequestFilter.java:125)
	at org.apache.shiro.web.servlet.ProxiedFilterChain.doFilter(ProxiedFilterChain.java:66)
	at org.apache.shiro.web.servlet.AdviceFilter.executeChain(AdviceFilter.java:108)
	at org.apache.shiro.web.servlet.AdviceFilter.doFilterInternal(AdviceFilter.java:137)
	at org.apache.shiro.web.servlet.OncePerRequestFilter.doFilter(OncePerRequestFilter.java:125)
	at org.apache.shiro.web.servlet.ProxiedFilterChain.doFilter(ProxiedFilterChain.java:66)
	at org.apache.shiro.web.servlet.AbstractShiroFilter.executeChain(AbstractShiroFilter.java:450)
	at org.apache.shiro.web.servlet.AbstractShiroFilter$1.call(AbstractShiroFilter.java:365)
	at org.apache.shiro.subject.support.SubjectCallable.doCall(SubjectCallable.java:90)
	at org.apache.shiro.subject.support.SubjectCallable.call(SubjectCallable.java:83)
	at org.apache.shiro.subject.support.DelegatingSubject.execute(DelegatingSubject.java:387)
	at org.apache.shiro.web.servlet.AbstractShiroFilter.doFilterInternal(AbstractShiroFilter.java:362)
	at org.apache.shiro.web.servlet.OncePerRequestFilter.doFilter(OncePerRequestFilter.java:125)
	at org.apache.catalina.core.ApplicationFilterChain.internalDoFilter(ApplicationFilterChain.java:193)
	at org.apache.catalina.core.ApplicationFilterChain.doFilter(ApplicationFilterChain.java:166)
	at org.apache.shiro.web.servlet.AdviceFilter.executeChain(AdviceFilter.java:108)
	at org.apache.shiro.web.servlet.AdviceFilter.doFilterInternal(AdviceFilter.java:137)
	at org.apache.shiro.web.servlet.OncePerRequestFilter.doFilter(OncePerRequestFilter.java:125)
	at org.apache.catalina.core.ApplicationFilterChain.internalDoFilter(ApplicationFilterChain.java:193)
	at org.apache.catalina.core.ApplicationFilterChain.doFilter(ApplicationFilterChain.java:166)
	at com.kalvin.kvf.common.xss.XssFilter.doFilter(XssFilter.java:33)
	at org.apache.catalina.core.ApplicationFilterChain.internalDoFilter(ApplicationFilterChain.java:193)
	at org.apache.catalina.core.ApplicationFilterChain.doFilter(ApplicationFilterChain.java:166)
	at org.springframework.web.filter.RequestContextFilter.doFilterInternal(RequestContextFilter.java:100)
	at org.springframework.web.filter.OncePerRequestFilter.doFilter(OncePerRequestFilter.java:119)
	at org.apache.catalina.core.ApplicationFilterChain.internalDoFilter(ApplicationFilterChain.java:193)
	at org.apache.catalina.core.ApplicationFilterChain.doFilter(ApplicationFilterChain.java:166)
	at org.springframework.web.filter.FormContentFilter.doFilterInternal(FormContentFilter.java:93)
	at org.springframework.web.filter.OncePerRequestFilter.doFilter(OncePerRequestFilter.java:119)
	at org.apache.catalina.core.ApplicationFilterChain.internalDoFilter(ApplicationFilterChain.java:193)
	at org.apache.catalina.core.ApplicationFilterChain.doFilter(ApplicationFilterChain.java:166)
	at org.springframework.web.filter.CharacterEncodingFilter.doFilterInternal(CharacterEncodingFilter.java:201)
	at org.springframework.web.filter.OncePerRequestFilter.doFilter(OncePerRequestFilter.java:119)
	at org.apache.catalina.core.ApplicationFilterChain.internalDoFilter(ApplicationFilterChain.java:193)
	at org.apache.catalina.core.ApplicationFilterChain.doFilter(ApplicationFilterChain.java:166)
	at org.apache.catalina.core.StandardWrapperValve.invoke(StandardWrapperValve.java:202)
	at org.apache.catalina.core.StandardContextValve.invoke(StandardContextValve.java:96)
	at org.apache.catalina.authenticator.AuthenticatorBase.invoke(AuthenticatorBase.java:541)
	at org.apache.catalina.core.StandardHostValve.invoke(StandardHostValve.java:139)
	at org.apache.catalina.valves.ErrorReportValve.invoke(ErrorReportValve.java:92)
	at org.apache.catalina.core.StandardEngineValve.invoke(StandardEngineValve.java:74)
	at org.apache.catalina.connector.CoyoteAdapter.service(CoyoteAdapter.java:343)
	at org.apache.coyote.http11.Http11Processor.service(Http11Processor.java:367)
	at org.apache.coyote.AbstractProcessorLight.process(AbstractProcessorLight.java:65)
	at org.apache.coyote.AbstractProtocol$ConnectionHandler.process(AbstractProtocol.java:868)
	at org.apache.tomcat.util.net.NioEndpoint$SocketProcessor.doRun(NioEndpoint.java:1639)
	at org.apache.tomcat.util.net.SocketProcessorBase.run(SocketProcessorBase.java:49)
	at java.util.concurrent.ThreadPoolExecutor.runWorker(ThreadPoolExecutor.java:1149)
	at java.util.concurrent.ThreadPoolExecutor$Worker.run(ThreadPoolExecutor.java:624)
	at org.apache.tomcat.util.threads.TaskThread$WrappingRunnable.run(TaskThread.java:61)
	at java.lang.Thread.run(Thread.java:748)
2023-12-27 15:05:30.567 [http-nio-7788-exec-2] DEBUG c.k.kvf.modules.sys.mapper.UserMapper.selectOne - ==>  Preparing: SELECT id,dept_id,username,password,realname,sex,phone,tel,email,avatar,job_title,status,sort,del_flag,create_by,update_time,create_time FROM sys_user WHERE (username = ?)
2023-12-27 15:05:30.568 [http-nio-7788-exec-2] DEBUG c.k.kvf.modules.sys.mapper.UserMapper.selectOne - ==> Parameters: 33041119741115301X(String)
2023-12-27 15:05:30.573 [http-nio-7788-exec-2] DEBUG c.k.kvf.modules.sys.mapper.UserMapper.selectOne - <==      Total: 1
2023-12-27 15:05:30.578 [http-nio-7788-exec-2] DEBUG com.kalvin.kvf.modules.sys.mapper.LogMapper.insert - ==>  Preparing: INSERT INTO sys_log ( user_id, username, operation, forward_action, ip, browser, os, time ) VALUES ( ?, ?, ?, ?, ?, ?, ?, ? )
2023-12-27 15:05:30.581 [http-nio-7788-exec-2] DEBUG com.kalvin.kvf.modules.sys.mapper.LogMapper.insert - ==> Parameters: 26(Long), 33041119741115301X(String), 登录(String), /login(String), 127.0.0.1(String), Chrome 109.0.0.0(String), Windows(String), 13(Long)
2023-12-27 15:05:30.658 [http-nio-7788-exec-2] DEBUG com.kalvin.kvf.modules.sys.mapper.LogMapper.insert - <==    Updates: 1
2023-12-27 15:05:31.406 [http-nio-7788-exec-4] DEBUG c.k.kvf.modules.sys.mapper.UserMapper.selectById - ==>  Preparing: SELECT id,dept_id,username,password,realname,sex,phone,tel,email,avatar,job_title,status,sort,del_flag,create_by,update_time,create_time FROM sys_user WHERE id=?
2023-12-27 15:05:31.408 [http-nio-7788-exec-4] DEBUG c.k.kvf.modules.sys.mapper.UserMapper.selectById - ==> Parameters: 26(Long)
2023-12-27 15:05:31.411 [http-nio-7788-exec-4] DEBUG c.k.kvf.modules.sys.mapper.UserMapper.selectById - <==      Total: 1
2023-12-27 15:05:31.810 [http-nio-7788-exec-9] DEBUG c.k.k.m.s.m.M.selectUserPermissionNavMenuList - ==>  Preparing: SELECT DISTINCT m.id, m.parent_id, m.name, m.url, m.permission, m.type, m.icon, m.status, m.sort, m.create_by, m.create_time FROM sys_menu AS m INNER JOIN sys_role_menu AS b ON m.id = b.menu_id INNER JOIN sys_user_role AS c ON b.role_id = c.role_id WHERE c.user_id = ? AND m.status = 0 AND m.type = 3 ORDER BY m.sort ASC;
2023-12-27 15:05:31.811 [http-nio-7788-exec-9] DEBUG c.k.k.m.s.m.M.selectUserPermissionNavMenuList - ==> Parameters: 26(Long)
2023-12-27 15:05:31.815 [http-nio-7788-exec-9] DEBUG c.k.k.m.s.m.M.selectUserPermissionNavMenuList - <==      Total: 0
2023-12-27 15:05:31.818 [http-nio-7788-exec-2] DEBUG c.k.k.m.s.m.M.selectUserPermissionMenuList - ==>  Preparing: SELECT DISTINCT m.id, m.parent_id, m.name, m.url, m.permission, m.type, m.icon, m.status, m.sort, m.create_by, m.create_time FROM sys_menu AS m INNER JOIN sys_role_menu AS b ON m.id = b.menu_id INNER JOIN sys_user_role AS c ON b.role_id = c.role_id WHERE m.parent_id = ? AND c.user_id = ? AND m.status = 0 AND m.type != 3 ORDER BY m.sort ASC;
2023-12-27 15:05:31.819 [http-nio-7788-exec-2] DEBUG c.k.k.m.s.m.M.selectUserPermissionMenuList - ==> Parameters: 0(Long), 26(Long)
2023-12-27 15:05:31.822 [http-nio-7788-exec-2] DEBUG c.k.k.m.s.m.M.selectUserPermissionMenuList - <==      Total: 1
2023-12-27 15:05:31.825 [http-nio-7788-exec-2] DEBUG c.k.k.m.s.m.M.selectUserPermissionMenuList - ==>  Preparing: SELECT DISTINCT m.id, m.parent_id, m.name, m.url, m.permission, m.type, m.icon, m.status, m.sort, m.create_by, m.create_time FROM sys_menu AS m INNER JOIN sys_role_menu AS b ON m.id = b.menu_id INNER JOIN sys_user_role AS c ON b.role_id = c.role_id WHERE m.parent_id = ? AND c.user_id = ? AND m.status = 0 AND m.type != 3 ORDER BY m.sort ASC;
2023-12-27 15:05:31.828 [http-nio-7788-exec-2] DEBUG c.k.k.m.s.m.M.selectUserPermissionMenuList - ==> Parameters: 98(Long), 26(Long)
2023-12-27 15:05:31.835 [http-nio-7788-exec-2] DEBUG c.k.k.m.s.m.M.selectUserPermissionMenuList - <==      Total: 7
2023-12-27 15:05:35.117 [http-nio-7788-exec-5] DEBUG c.k.k.m.sys.mapper.MenuMapper.selectPermission - ==>  Preparing: SELECT DISTINCT b.permission, b.sort FROM sys_menu AS b INNER JOIN sys_role_menu AS c ON b.id = c.menu_id INNER JOIN sys_user_role AS a ON a.role_id = c.role_id WHERE a.user_id = 26 ORDER BY b.sort ASC;
2023-12-27 15:05:35.121 [http-nio-7788-exec-5] DEBUG c.k.k.m.sys.mapper.MenuMapper.selectPermission - ==> Parameters: 
2023-12-27 15:05:35.126 [http-nio-7788-exec-5] DEBUG c.k.k.m.sys.mapper.MenuMapper.selectPermission - <==      Total: 16
2023-12-27 15:05:35.455 [http-nio-7788-exec-6] DEBUG c.k.k.m.f.m.P.selectPoliceInfoList_mpCount - ==>  Preparing: SELECT COUNT(*) FROM func_police_info WHERE sfzh LIKE concat(?, "%")
2023-12-27 15:05:35.459 [http-nio-7788-exec-6] DEBUG c.k.k.m.f.m.P.selectPoliceInfoList_mpCount - ==> Parameters: 33041119741115301X(String)
2023-12-27 15:05:35.505 [http-nio-7788-exec-6] DEBUG c.k.k.m.f.m.P.selectPoliceInfoList_mpCount - <==      Total: 1
2023-12-27 15:05:35.512 [http-nio-7788-exec-6] DEBUG c.k.k.m.f.m.PoliceInfoMapper.selectPoliceInfoList - ==>  Preparing: select id, xm, sfzh, tel, dept_id, dept, xb, csny, cjgzny, cjgany, jwxl, yjny, pass, score, create_time from func_police_info where sfzh like concat(?, "%") order by score desc LIMIT ?
2023-12-27 15:05:35.514 [http-nio-7788-exec-6] DEBUG c.k.k.m.f.m.PoliceInfoMapper.selectPoliceInfoList - ==> Parameters: 33041119741115301X(String), 10(Long)
2023-12-27 15:05:35.517 [http-nio-7788-exec-6] DEBUG c.k.k.m.f.m.PoliceInfoMapper.selectPoliceInfoList - <==      Total: 1
2023-12-27 15:05:35.578 [task-1] DEBUG c.k.k.m.func.mapper.UserInfoMapper.selectList - ==>  Preparing: SELECT id_number,avatar FROM func_user_info WHERE (id_number IN (?))
2023-12-27 15:05:35.580 [task-1] DEBUG c.k.k.m.func.mapper.UserInfoMapper.selectList - ==> Parameters: 33041119741115301X(String)
2023-12-27 15:05:35.582 [task-1] DEBUG c.k.k.m.func.mapper.UserInfoMapper.selectList - <==      Total: 1
2023-12-27 15:05:35.584 [task-5] DEBUG c.k.k.m.func.mapper.YearTestMapper.selectList - ==>  Preparing: SELECT id,p_id,p_name,content,gg_time,score,create_time FROM func_year_test WHERE (p_id IN (?)) ORDER BY gg_time ASC
2023-12-27 15:05:35.585 [task-2] DEBUG c.k.k.modules.func.mapper.HistoryMapper.selectList - ==>  Preparing: SELECT id,p_id,p_name,content,t_start,t_end,score,remark,create_time FROM func_history WHERE (p_id IN (?)) ORDER BY t_start ASC
2023-12-27 15:05:35.586 [task-5] DEBUG c.k.k.m.func.mapper.YearTestMapper.selectList - ==> Parameters: 583(Integer)
2023-12-27 15:05:35.587 [task-5] DEBUG c.k.k.m.func.mapper.YearTestMapper.selectList - <==      Total: 0
2023-12-27 15:05:35.588 [task-2] DEBUG c.k.k.modules.func.mapper.HistoryMapper.selectList - ==> Parameters: 583(Integer)
2023-12-27 15:05:35.590 [task-3] DEBUG c.k.k.m.func.mapper.AchievementMapper.selectList - ==>  Preparing: SELECT id,p_id,p_name,content,content1,gg_time,gg_year,file_url,score,status,reason,create_time,update_time FROM func_achievement WHERE (status = ? AND p_id IN (?)) ORDER BY gg_time ASC
2023-12-27 15:05:35.591 [task-2] DEBUG c.k.k.modules.func.mapper.HistoryMapper.selectList - <==      Total: 0
2023-12-27 15:05:35.592 [task-3] DEBUG c.k.k.m.func.mapper.AchievementMapper.selectList - ==> Parameters: 1(Integer), 583(Integer)
2023-12-27 15:05:35.592 [task-4] DEBUG c.k.k.modules.func.mapper.PunishMapper.selectList - ==>  Preparing: SELECT id,p_id,p_name,content,gg_time,score,create_time FROM func_punish WHERE (p_id IN (?)) ORDER BY gg_time ASC
2023-12-27 15:05:35.593 [task-4] DEBUG c.k.k.modules.func.mapper.PunishMapper.selectList - ==> Parameters: 583(Integer)
2023-12-27 15:05:35.593 [task-3] DEBUG c.k.k.m.func.mapper.AchievementMapper.selectList - <==      Total: 0
2023-12-27 15:05:35.594 [task-4] DEBUG c.k.k.modules.func.mapper.PunishMapper.selectList - <==      Total: 0
2023-12-27 15:07:26.373 [SpringContextShutdownHook] INFO  o.s.scheduling.concurrent.ThreadPoolTaskExecutor - Shutting down ExecutorService 'applicationTaskExecutor'
2023-12-27 15:07:26.375 [SpringContextShutdownHook] INFO  o.s.cache.ehcache.EhCacheManagerFactoryBean - Shutting down EhCache CacheManager
2023-12-27 15:07:26.409 [SpringContextShutdownHook] INFO  c.b.dynamic.datasource.DynamicRoutingDataSource - dynamic-datasource start closing ....
2023-12-27 15:07:26.412 [SpringContextShutdownHook] INFO  com.alibaba.druid.pool.DruidDataSource - {dataSource-1} closing ...
2023-12-27 15:07:26.416 [SpringContextShutdownHook] INFO  com.alibaba.druid.pool.DruidDataSource - {dataSource-1} closed
2023-12-27 15:07:26.417 [SpringContextShutdownHook] INFO  c.b.dynamic.datasource.DynamicRoutingDataSource - dynamic-datasource all closed success,bye
2023-12-27 15:07:26.418 [SpringContextShutdownHook] INFO  o.a.s.session.mgt.AbstractValidatingSessionManager - Disabled session validation scheduler.
