2023-08-11 00:34:37.111 [SessionValidationThread-1] INFO  o.a.s.session.mgt.AbstractValidatingSessionManager - Validating all active sessions...
2023-08-11 00:34:37.122 [SessionValidationThread-1] INFO  o.a.s.session.mgt.AbstractValidatingSessionManager - Finished session validation.  No sessions were stopped.
2023-08-11 01:34:37.799 [SessionValidationThread-1] INFO  o.a.s.session.mgt.AbstractValidatingSessionManager - Validating all active sessions...
2023-08-11 01:34:37.799 [SessionValidationThread-1] INFO  o.a.s.session.mgt.AbstractValidatingSessionManager - Finished session validation.  No sessions were stopped.
2023-08-11 02:34:38.487 [SessionValidationThread-1] INFO  o.a.s.session.mgt.AbstractValidatingSessionManager - Validating all active sessions...
2023-08-11 02:34:38.487 [SessionValidationThread-1] INFO  o.a.s.session.mgt.AbstractValidatingSessionManager - Finished session validation.  No sessions were stopped.
2023-08-11 03:34:39.174 [SessionValidationThread-1] INFO  o.a.s.session.mgt.AbstractValidatingSessionManager - Validating all active sessions...
2023-08-11 03:34:39.174 [SessionValidationThread-1] INFO  o.a.s.session.mgt.AbstractValidatingSessionManager - Finished session validation.  No sessions were stopped.
2023-08-11 04:34:39.865 [SessionValidationThread-1] INFO  o.a.s.session.mgt.AbstractValidatingSessionManager - Validating all active sessions...
2023-08-11 04:34:39.865 [SessionValidationThread-1] INFO  o.a.s.session.mgt.AbstractValidatingSessionManager - Finished session validation.  No sessions were stopped.
2023-08-11 05:34:40.550 [SessionValidationThread-1] INFO  o.a.s.session.mgt.AbstractValidatingSessionManager - Validating all active sessions...
2023-08-11 05:34:40.550 [SessionValidationThread-1] INFO  o.a.s.session.mgt.AbstractValidatingSessionManager - Finished session validation.  No sessions were stopped.
2023-08-11 06:34:41.238 [SessionValidationThread-1] INFO  o.a.s.session.mgt.AbstractValidatingSessionManager - Validating all active sessions...
2023-08-11 06:34:41.238 [SessionValidationThread-1] INFO  o.a.s.session.mgt.AbstractValidatingSessionManager - Finished session validation.  No sessions were stopped.
2023-08-11 07:34:41.925 [SessionValidationThread-1] INFO  o.a.s.session.mgt.AbstractValidatingSessionManager - Validating all active sessions...
2023-08-11 07:34:41.925 [SessionValidationThread-1] INFO  o.a.s.session.mgt.AbstractValidatingSessionManager - Finished session validation.  No sessions were stopped.
2023-08-11 08:34:42.613 [SessionValidationThread-1] INFO  o.a.s.session.mgt.AbstractValidatingSessionManager - Validating all active sessions...
2023-08-11 08:34:42.613 [SessionValidationThread-1] INFO  o.a.s.session.mgt.AbstractValidatingSessionManager - Finished session validation.  No sessions were stopped.
2023-08-11 09:34:43.301 [SessionValidationThread-1] INFO  o.a.s.session.mgt.AbstractValidatingSessionManager - Validating all active sessions...
2023-08-11 09:34:43.301 [SessionValidationThread-1] INFO  o.a.s.session.mgt.AbstractValidatingSessionManager - Finished session validation.  No sessions were stopped.
2023-08-11 09:41:59.233 [http-nio-7788-exec-2] INFO  org.apache.coyote.http11.Http11Processor - Error parsing HTTP request header
 Note: further occurrences of HTTP request parsing errors will be logged at DEBUG level.
java.lang.IllegalArgumentException: Invalid character found in method name. HTTP method names must be tokens
	at org.apache.coyote.http11.Http11InputBuffer.parseRequestLine(Http11InputBuffer.java:416)
	at org.apache.coyote.http11.Http11Processor.service(Http11Processor.java:260)
	at org.apache.coyote.AbstractProcessorLight.process(AbstractProcessorLight.java:65)
	at org.apache.coyote.AbstractProtocol$ConnectionHandler.process(AbstractProtocol.java:868)
	at org.apache.tomcat.util.net.NioEndpoint$SocketProcessor.doRun(NioEndpoint.java:1639)
	at org.apache.tomcat.util.net.SocketProcessorBase.run(SocketProcessorBase.java:49)
	at java.util.concurrent.ThreadPoolExecutor.runWorker(ThreadPoolExecutor.java:1149)
	at java.util.concurrent.ThreadPoolExecutor$Worker.run(ThreadPoolExecutor.java:624)
	at org.apache.tomcat.util.threads.TaskThread$WrappingRunnable.run(TaskThread.java:61)
	at java.lang.Thread.run(Thread.java:748)
2023-08-11 10:34:43.989 [SessionValidationThread-1] INFO  o.a.s.session.mgt.AbstractValidatingSessionManager - Validating all active sessions...
2023-08-11 10:34:43.989 [SessionValidationThread-1] INFO  o.a.s.session.mgt.AbstractValidatingSessionManager - Finished session validation.  No sessions were stopped.
2023-08-11 11:34:44.676 [SessionValidationThread-1] INFO  o.a.s.session.mgt.AbstractValidatingSessionManager - Validating all active sessions...
2023-08-11 11:34:44.676 [SessionValidationThread-1] INFO  o.a.s.session.mgt.AbstractValidatingSessionManager - Finished session validation.  No sessions were stopped.
2023-08-11 12:34:45.364 [SessionValidationThread-1] INFO  o.a.s.session.mgt.AbstractValidatingSessionManager - Validating all active sessions...
2023-08-11 12:34:45.364 [SessionValidationThread-1] INFO  o.a.s.session.mgt.AbstractValidatingSessionManager - Finished session validation.  No sessions were stopped.
2023-08-11 13:34:46.052 [SessionValidationThread-1] INFO  o.a.s.session.mgt.AbstractValidatingSessionManager - Validating all active sessions...
2023-08-11 13:34:46.052 [SessionValidationThread-1] INFO  o.a.s.session.mgt.AbstractValidatingSessionManager - Finished session validation.  No sessions were stopped.
2023-08-11 14:34:46.742 [SessionValidationThread-1] INFO  o.a.s.session.mgt.AbstractValidatingSessionManager - Validating all active sessions...
2023-08-11 14:34:46.742 [SessionValidationThread-1] INFO  o.a.s.session.mgt.AbstractValidatingSessionManager - Finished session validation.  No sessions were stopped.
2023-08-11 15:34:47.427 [SessionValidationThread-1] INFO  o.a.s.session.mgt.AbstractValidatingSessionManager - Validating all active sessions...
2023-08-11 15:34:47.427 [SessionValidationThread-1] INFO  o.a.s.session.mgt.AbstractValidatingSessionManager - Finished session validation.  No sessions were stopped.
2023-08-11 15:45:43.526 [Thread-21] INFO  o.s.scheduling.concurrent.ThreadPoolTaskExecutor - Shutting down ExecutorService 'applicationTaskExecutor'
2023-08-11 15:45:43.527 [Thread-21] INFO  o.s.cache.ehcache.EhCacheManagerFactoryBean - Shutting down EhCache CacheManager
2023-08-11 15:45:43.771 [Thread-21] INFO  c.b.dynamic.datasource.DynamicRoutingDataSource - dynamic-datasource start closing ....
2023-08-11 15:45:43.781 [Thread-21] INFO  com.alibaba.druid.pool.DruidDataSource - {dataSource-1} closing ...
2023-08-11 15:45:43.781 [Thread-21] INFO  com.alibaba.druid.pool.DruidDataSource - {dataSource-1} closed
2023-08-11 15:45:43.782 [Thread-21] INFO  c.b.dynamic.datasource.DynamicRoutingDataSource - dynamic-datasource all closed success,bye
2023-08-11 15:45:43.796 [Thread-21] INFO  o.a.s.session.mgt.AbstractValidatingSessionManager - Disabled session validation scheduler.
2023-08-11 15:45:45.882 [restartedMain] INFO  com.kalvin.kvf.KvfAdminApplication - Starting KvfAdminApplication on 20201027-PC with PID 10816 (D:\java\kvf-admin-3neng\target\classes started by Administrator in D:\java\kvf-admin-3neng)
2023-08-11 15:45:45.882 [restartedMain] INFO  com.kalvin.kvf.KvfAdminApplication - The following profiles are active: test
2023-08-11 15:45:47.068 [restartedMain] INFO  o.s.d.r.config.RepositoryConfigurationDelegate - Multiple Spring Data modules found, entering strict repository configuration mode!
2023-08-11 15:45:47.068 [restartedMain] INFO  o.s.d.r.config.RepositoryConfigurationDelegate - Bootstrapping Spring Data Redis repositories in DEFAULT mode.
2023-08-11 15:45:47.069 [restartedMain] INFO  o.s.d.r.config.RepositoryConfigurationDelegate - Finished Spring Data repository scanning in 1ms. Found 0 Redis repository interfaces.
2023-08-11 15:45:47.110 [restartedMain] WARN  org.mybatis.spring.mapper.ClassPathMapperScanner - No MyBatis mapper was found in '[com.kalvin.kvf]' package. Please check your configuration.
2023-08-11 15:45:47.161 [restartedMain] INFO  o.s.c.s.PostProcessorRegistrationDelegate$BeanPostProcessorChecker - Bean 'spring.datasource.dynamic-com.baomidou.dynamic.datasource.spring.boot.autoconfigure.DynamicDataSourceProperties' of type [com.baomidou.dynamic.datasource.spring.boot.autoconfigure.DynamicDataSourceProperties] is not eligible for getting processed by all BeanPostProcessors (for example: not eligible for auto-proxying)
2023-08-11 15:45:47.162 [restartedMain] INFO  o.s.c.s.PostProcessorRegistrationDelegate$BeanPostProcessorChecker - Bean 'com.baomidou.dynamic.datasource.spring.boot.autoconfigure.DynamicDataSourceAutoConfiguration' of type [com.baomidou.dynamic.datasource.spring.boot.autoconfigure.DynamicDataSourceAutoConfiguration$$EnhancerBySpringCGLIB$$a1d3618a] is not eligible for getting processed by all BeanPostProcessors (for example: not eligible for auto-proxying)
2023-08-11 15:45:47.166 [restartedMain] INFO  o.s.c.s.PostProcessorRegistrationDelegate$BeanPostProcessorChecker - Bean 'dsProcessor' of type [com.baomidou.dynamic.datasource.processor.DsHeaderProcessor] is not eligible for getting processed by all BeanPostProcessors (for example: not eligible for auto-proxying)
2023-08-11 15:45:47.444 [restartedMain] INFO  o.s.boot.web.embedded.tomcat.TomcatWebServer - Tomcat initialized with port(s): 7788 (http)
2023-08-11 15:45:47.445 [restartedMain] INFO  org.apache.coyote.http11.Http11NioProtocol - Initializing ProtocolHandler ["http-nio-7788"]
2023-08-11 15:45:47.445 [restartedMain] INFO  org.apache.catalina.core.StandardService - Starting service [Tomcat]
2023-08-11 15:45:47.445 [restartedMain] INFO  org.apache.catalina.core.StandardEngine - Starting Servlet engine: [Apache Tomcat/9.0.31]
2023-08-11 15:45:47.476 [restartedMain] INFO  o.a.c.core.ContainerBase.[Tomcat].[localhost].[/] - Initializing Spring embedded WebApplicationContext
2023-08-11 15:45:47.477 [restartedMain] INFO  org.springframework.web.context.ContextLoader - Root WebApplicationContext: initialization completed in 1551 ms
2023-08-11 15:45:47.707 [restartedMain] INFO  com.alibaba.druid.pool.DruidDataSource - {dataSource-2,master} inited
2023-08-11 15:45:47.707 [restartedMain] INFO  c.b.dynamic.datasource.DynamicRoutingDataSource - dynamic-datasource - load a datasource named [master] success
2023-08-11 15:45:47.708 [restartedMain] INFO  c.b.dynamic.datasource.DynamicRoutingDataSource - dynamic-datasource initial loaded [1] datasource,primary datasource named [master]
2023-08-11 15:45:47.733 [restartedMain] WARN  o.s.b.w.s.c.AnnotationConfigServletWebServerApplicationContext - Exception encountered during context initialization - cancelling refresh attempt: org.springframework.beans.factory.UnsatisfiedDependencyException: Error creating bean with name 'dictionaryService': Unsatisfied dependency expressed through field 'baseMapper'; nested exception is org.springframework.beans.factory.UnsatisfiedDependencyException: Error creating bean with name 'dictionaryMapper' defined in URL [jar:file:/C:/Users/Administrator/.m2/repository/com/diboot/diboot-core-spring-boot-starter/2.8.0/diboot-core-spring-boot-starter-2.8.0.jar!/com/diboot/core/mapper/DictionaryMapper.class]: Unsatisfied dependency expressed through bean property 'sqlSessionFactory'; nested exception is org.springframework.beans.factory.BeanCreationException: Error creating bean with name 'sqlSessionFactory' defined in class path resource [com/baomidou/mybatisplus/autoconfigure/MybatisPlusAutoConfiguration.class]: Bean instantiation via factory method failed; nested exception is org.springframework.beans.BeanInstantiationException: Failed to instantiate [org.apache.ibatis.session.SqlSessionFactory]: Factory method 'sqlSessionFactory' threw exception; nested exception is org.springframework.core.NestedIOException: Failed to parse mapping resource: 'file [D:\java\kvf-admin-3neng\target\classes\mapper\func\AchievementMapper.xml]'; nested exception is org.apache.ibatis.builder.BuilderException: Error parsing Mapper XML. The XML location is 'file [D:\java\kvf-admin-3neng\target\classes\mapper\func\AchievementMapper.xml]'. Cause: org.apache.ibatis.builder.BuilderException: Error resolving class. Cause: org.apache.ibatis.type.TypeException: Could not resolve type alias 'com.kalvin.kvf.modules.func.entity.Achievement'.  Cause: java.lang.ClassNotFoundException: Cannot find class: com.kalvin.kvf.modules.func.entity.Achievement
2023-08-11 15:45:47.733 [restartedMain] INFO  c.b.dynamic.datasource.DynamicRoutingDataSource - dynamic-datasource start closing ....
2023-08-11 15:45:47.733 [restartedMain] INFO  com.alibaba.druid.pool.DruidDataSource - {dataSource-2} closing ...
2023-08-11 15:45:47.734 [restartedMain] INFO  com.alibaba.druid.pool.DruidDataSource - {dataSource-2} closed
2023-08-11 15:45:47.734 [restartedMain] INFO  c.b.dynamic.datasource.DynamicRoutingDataSource - dynamic-datasource all closed success,bye
2023-08-11 15:45:47.734 [restartedMain] INFO  org.apache.catalina.core.StandardService - Stopping service [Tomcat]
2023-08-11 15:45:47.739 [restartedMain] INFO  o.s.b.a.l.ConditionEvaluationReportLoggingListener - 

Error starting ApplicationContext. To display the conditions report re-run your application with 'debug' enabled.
2023-08-11 15:45:47.748 [restartedMain] ERROR org.springframework.boot.SpringApplication - Application run failed
org.springframework.beans.factory.UnsatisfiedDependencyException: Error creating bean with name 'dictionaryService': Unsatisfied dependency expressed through field 'baseMapper'; nested exception is org.springframework.beans.factory.UnsatisfiedDependencyException: Error creating bean with name 'dictionaryMapper' defined in URL [jar:file:/C:/Users/Administrator/.m2/repository/com/diboot/diboot-core-spring-boot-starter/2.8.0/diboot-core-spring-boot-starter-2.8.0.jar!/com/diboot/core/mapper/DictionaryMapper.class]: Unsatisfied dependency expressed through bean property 'sqlSessionFactory'; nested exception is org.springframework.beans.factory.BeanCreationException: Error creating bean with name 'sqlSessionFactory' defined in class path resource [com/baomidou/mybatisplus/autoconfigure/MybatisPlusAutoConfiguration.class]: Bean instantiation via factory method failed; nested exception is org.springframework.beans.BeanInstantiationException: Failed to instantiate [org.apache.ibatis.session.SqlSessionFactory]: Factory method 'sqlSessionFactory' threw exception; nested exception is org.springframework.core.NestedIOException: Failed to parse mapping resource: 'file [D:\java\kvf-admin-3neng\target\classes\mapper\func\AchievementMapper.xml]'; nested exception is org.apache.ibatis.builder.BuilderException: Error parsing Mapper XML. The XML location is 'file [D:\java\kvf-admin-3neng\target\classes\mapper\func\AchievementMapper.xml]'. Cause: org.apache.ibatis.builder.BuilderException: Error resolving class. Cause: org.apache.ibatis.type.TypeException: Could not resolve type alias 'com.kalvin.kvf.modules.func.entity.Achievement'.  Cause: java.lang.ClassNotFoundException: Cannot find class: com.kalvin.kvf.modules.func.entity.Achievement
	at org.springframework.beans.factory.annotation.AutowiredAnnotationBeanPostProcessor$AutowiredFieldElement.inject(AutowiredAnnotationBeanPostProcessor.java:643)
	at org.springframework.beans.factory.annotation.InjectionMetadata.inject(InjectionMetadata.java:130)
	at org.springframework.beans.factory.annotation.AutowiredAnnotationBeanPostProcessor.postProcessProperties(AutowiredAnnotationBeanPostProcessor.java:399)
	at org.springframework.beans.factory.support.AbstractAutowireCapableBeanFactory.populateBean(AbstractAutowireCapableBeanFactory.java:1422)
	at org.springframework.beans.factory.support.AbstractAutowireCapableBeanFactory.doCreateBean(AbstractAutowireCapableBeanFactory.java:594)
	at org.springframework.beans.factory.support.AbstractAutowireCapableBeanFactory.createBean(AbstractAutowireCapableBeanFactory.java:517)
	at org.springframework.beans.factory.support.AbstractBeanFactory.lambda$doGetBean$0(AbstractBeanFactory.java:323)
	at org.springframework.beans.factory.support.DefaultSingletonBeanRegistry.getSingleton(DefaultSingletonBeanRegistry.java:222)
	at org.springframework.beans.factory.support.AbstractBeanFactory.doGetBean(AbstractBeanFactory.java:321)
	at org.springframework.beans.factory.support.AbstractBeanFactory.getBean(AbstractBeanFactory.java:202)
	at org.springframework.beans.factory.support.DefaultListableBeanFactory.preInstantiateSingletons(DefaultListableBeanFactory.java:879)
	at org.springframework.context.support.AbstractApplicationContext.finishBeanFactoryInitialization(AbstractApplicationContext.java:878)
	at org.springframework.context.support.AbstractApplicationContext.refresh(AbstractApplicationContext.java:550)
	at org.springframework.boot.web.servlet.context.ServletWebServerApplicationContext.refresh(ServletWebServerApplicationContext.java:141)
	at org.springframework.boot.SpringApplication.refresh(SpringApplication.java:747)
	at org.springframework.boot.SpringApplication.refreshContext(SpringApplication.java:397)
	at org.springframework.boot.SpringApplication.run(SpringApplication.java:315)
	at org.springframework.boot.SpringApplication.run(SpringApplication.java:1226)
	at org.springframework.boot.SpringApplication.run(SpringApplication.java:1215)
	at com.kalvin.kvf.KvfAdminApplication.main(KvfAdminApplication.java:22)
	at sun.reflect.NativeMethodAccessorImpl.invoke0(Native Method)
	at sun.reflect.NativeMethodAccessorImpl.invoke(NativeMethodAccessorImpl.java:62)
	at sun.reflect.DelegatingMethodAccessorImpl.invoke(DelegatingMethodAccessorImpl.java:43)
	at java.lang.reflect.Method.invoke(Method.java:498)
	at org.springframework.boot.devtools.restart.RestartLauncher.run(RestartLauncher.java:49)
Caused by: org.springframework.beans.factory.UnsatisfiedDependencyException: Error creating bean with name 'dictionaryMapper' defined in URL [jar:file:/C:/Users/Administrator/.m2/repository/com/diboot/diboot-core-spring-boot-starter/2.8.0/diboot-core-spring-boot-starter-2.8.0.jar!/com/diboot/core/mapper/DictionaryMapper.class]: Unsatisfied dependency expressed through bean property 'sqlSessionFactory'; nested exception is org.springframework.beans.factory.BeanCreationException: Error creating bean with name 'sqlSessionFactory' defined in class path resource [com/baomidou/mybatisplus/autoconfigure/MybatisPlusAutoConfiguration.class]: Bean instantiation via factory method failed; nested exception is org.springframework.beans.BeanInstantiationException: Failed to instantiate [org.apache.ibatis.session.SqlSessionFactory]: Factory method 'sqlSessionFactory' threw exception; nested exception is org.springframework.core.NestedIOException: Failed to parse mapping resource: 'file [D:\java\kvf-admin-3neng\target\classes\mapper\func\AchievementMapper.xml]'; nested exception is org.apache.ibatis.builder.BuilderException: Error parsing Mapper XML. The XML location is 'file [D:\java\kvf-admin-3neng\target\classes\mapper\func\AchievementMapper.xml]'. Cause: org.apache.ibatis.builder.BuilderException: Error resolving class. Cause: org.apache.ibatis.type.TypeException: Could not resolve type alias 'com.kalvin.kvf.modules.func.entity.Achievement'.  Cause: java.lang.ClassNotFoundException: Cannot find class: com.kalvin.kvf.modules.func.entity.Achievement
	at org.springframework.beans.factory.support.AbstractAutowireCapableBeanFactory.autowireByType(AbstractAutowireCapableBeanFactory.java:1526)
	at org.springframework.beans.factory.support.AbstractAutowireCapableBeanFactory.populateBean(AbstractAutowireCapableBeanFactory.java:1406)
	at org.springframework.beans.factory.support.AbstractAutowireCapableBeanFactory.doCreateBean(AbstractAutowireCapableBeanFactory.java:594)
	at org.springframework.beans.factory.support.AbstractAutowireCapableBeanFactory.createBean(AbstractAutowireCapableBeanFactory.java:517)
	at org.springframework.beans.factory.support.AbstractBeanFactory.lambda$doGetBean$0(AbstractBeanFactory.java:323)
	at org.springframework.beans.factory.support.DefaultSingletonBeanRegistry.getSingleton(DefaultSingletonBeanRegistry.java:222)
	at org.springframework.beans.factory.support.AbstractBeanFactory.doGetBean(AbstractBeanFactory.java:321)
	at org.springframework.beans.factory.support.AbstractBeanFactory.getBean(AbstractBeanFactory.java:202)
	at org.springframework.beans.factory.config.DependencyDescriptor.resolveCandidate(DependencyDescriptor.java:276)
	at org.springframework.beans.factory.support.DefaultListableBeanFactory.doResolveDependency(DefaultListableBeanFactory.java:1287)
	at org.springframework.beans.factory.support.DefaultListableBeanFactory.resolveDependency(DefaultListableBeanFactory.java:1207)
	at org.springframework.beans.factory.annotation.AutowiredAnnotationBeanPostProcessor$AutowiredFieldElement.inject(AutowiredAnnotationBeanPostProcessor.java:640)
	... 24 common frames omitted
Caused by: org.springframework.beans.factory.BeanCreationException: Error creating bean with name 'sqlSessionFactory' defined in class path resource [com/baomidou/mybatisplus/autoconfigure/MybatisPlusAutoConfiguration.class]: Bean instantiation via factory method failed; nested exception is org.springframework.beans.BeanInstantiationException: Failed to instantiate [org.apache.ibatis.session.SqlSessionFactory]: Factory method 'sqlSessionFactory' threw exception; nested exception is org.springframework.core.NestedIOException: Failed to parse mapping resource: 'file [D:\java\kvf-admin-3neng\target\classes\mapper\func\AchievementMapper.xml]'; nested exception is org.apache.ibatis.builder.BuilderException: Error parsing Mapper XML. The XML location is 'file [D:\java\kvf-admin-3neng\target\classes\mapper\func\AchievementMapper.xml]'. Cause: org.apache.ibatis.builder.BuilderException: Error resolving class. Cause: org.apache.ibatis.type.TypeException: Could not resolve type alias 'com.kalvin.kvf.modules.func.entity.Achievement'.  Cause: java.lang.ClassNotFoundException: Cannot find class: com.kalvin.kvf.modules.func.entity.Achievement
	at org.springframework.beans.factory.support.ConstructorResolver.instantiate(ConstructorResolver.java:656)
	at org.springframework.beans.factory.support.ConstructorResolver.instantiateUsingFactoryMethod(ConstructorResolver.java:636)
	at org.springframework.beans.factory.support.AbstractAutowireCapableBeanFactory.instantiateUsingFactoryMethod(AbstractAutowireCapableBeanFactory.java:1338)
	at org.springframework.beans.factory.support.AbstractAutowireCapableBeanFactory.createBeanInstance(AbstractAutowireCapableBeanFactory.java:1177)
	at org.springframework.beans.factory.support.AbstractAutowireCapableBeanFactory.doCreateBean(AbstractAutowireCapableBeanFactory.java:557)
	at org.springframework.beans.factory.support.AbstractAutowireCapableBeanFactory.createBean(AbstractAutowireCapableBeanFactory.java:517)
	at org.springframework.beans.factory.support.AbstractBeanFactory.lambda$doGetBean$0(AbstractBeanFactory.java:323)
	at org.springframework.beans.factory.support.DefaultSingletonBeanRegistry.getSingleton(DefaultSingletonBeanRegistry.java:222)
	at org.springframework.beans.factory.support.AbstractBeanFactory.doGetBean(AbstractBeanFactory.java:321)
	at org.springframework.beans.factory.support.AbstractBeanFactory.getBean(AbstractBeanFactory.java:202)
	at org.springframework.beans.factory.config.DependencyDescriptor.resolveCandidate(DependencyDescriptor.java:276)
	at org.springframework.beans.factory.support.DefaultListableBeanFactory.doResolveDependency(DefaultListableBeanFactory.java:1287)
	at org.springframework.beans.factory.support.DefaultListableBeanFactory.resolveDependency(DefaultListableBeanFactory.java:1207)
	at org.springframework.beans.factory.support.AbstractAutowireCapableBeanFactory.autowireByType(AbstractAutowireCapableBeanFactory.java:1511)
	... 35 common frames omitted
Caused by: org.springframework.beans.BeanInstantiationException: Failed to instantiate [org.apache.ibatis.session.SqlSessionFactory]: Factory method 'sqlSessionFactory' threw exception; nested exception is org.springframework.core.NestedIOException: Failed to parse mapping resource: 'file [D:\java\kvf-admin-3neng\target\classes\mapper\func\AchievementMapper.xml]'; nested exception is org.apache.ibatis.builder.BuilderException: Error parsing Mapper XML. The XML location is 'file [D:\java\kvf-admin-3neng\target\classes\mapper\func\AchievementMapper.xml]'. Cause: org.apache.ibatis.builder.BuilderException: Error resolving class. Cause: org.apache.ibatis.type.TypeException: Could not resolve type alias 'com.kalvin.kvf.modules.func.entity.Achievement'.  Cause: java.lang.ClassNotFoundException: Cannot find class: com.kalvin.kvf.modules.func.entity.Achievement
	at org.springframework.beans.factory.support.SimpleInstantiationStrategy.instantiate(SimpleInstantiationStrategy.java:185)
	at org.springframework.beans.factory.support.ConstructorResolver.instantiate(ConstructorResolver.java:651)
	... 48 common frames omitted
Caused by: org.springframework.core.NestedIOException: Failed to parse mapping resource: 'file [D:\java\kvf-admin-3neng\target\classes\mapper\func\AchievementMapper.xml]'; nested exception is org.apache.ibatis.builder.BuilderException: Error parsing Mapper XML. The XML location is 'file [D:\java\kvf-admin-3neng\target\classes\mapper\func\AchievementMapper.xml]'. Cause: org.apache.ibatis.builder.BuilderException: Error resolving class. Cause: org.apache.ibatis.type.TypeException: Could not resolve type alias 'com.kalvin.kvf.modules.func.entity.Achievement'.  Cause: java.lang.ClassNotFoundException: Cannot find class: com.kalvin.kvf.modules.func.entity.Achievement
	at com.baomidou.mybatisplus.extension.spring.MybatisSqlSessionFactoryBean.buildSqlSessionFactory(MybatisSqlSessionFactoryBean.java:595)
	at com.baomidou.mybatisplus.extension.spring.MybatisSqlSessionFactoryBean.afterPropertiesSet(MybatisSqlSessionFactoryBean.java:431)
	at com.baomidou.mybatisplus.extension.spring.MybatisSqlSessionFactoryBean.getObject(MybatisSqlSessionFactoryBean.java:628)
	at com.baomidou.mybatisplus.autoconfigure.MybatisPlusAutoConfiguration.sqlSessionFactory(MybatisPlusAutoConfiguration.java:218)
	at com.baomidou.mybatisplus.autoconfigure.MybatisPlusAutoConfiguration$$EnhancerBySpringCGLIB$$760d5d53.CGLIB$sqlSessionFactory$2(<generated>)
	at com.baomidou.mybatisplus.autoconfigure.MybatisPlusAutoConfiguration$$EnhancerBySpringCGLIB$$760d5d53$$FastClassBySpringCGLIB$$2ace90c4.invoke(<generated>)
	at org.springframework.cglib.proxy.MethodProxy.invokeSuper(MethodProxy.java:244)
	at org.springframework.context.annotation.ConfigurationClassEnhancer$BeanMethodInterceptor.intercept(ConfigurationClassEnhancer.java:331)
	at com.baomidou.mybatisplus.autoconfigure.MybatisPlusAutoConfiguration$$EnhancerBySpringCGLIB$$760d5d53.sqlSessionFactory(<generated>)
	at sun.reflect.NativeMethodAccessorImpl.invoke0(Native Method)
	at sun.reflect.NativeMethodAccessorImpl.invoke(NativeMethodAccessorImpl.java:62)
	at sun.reflect.DelegatingMethodAccessorImpl.invoke(DelegatingMethodAccessorImpl.java:43)
	at java.lang.reflect.Method.invoke(Method.java:498)
	at org.springframework.beans.factory.support.SimpleInstantiationStrategy.instantiate(SimpleInstantiationStrategy.java:154)
	... 49 common frames omitted
Caused by: org.apache.ibatis.builder.BuilderException: Error parsing Mapper XML. The XML location is 'file [D:\java\kvf-admin-3neng\target\classes\mapper\func\AchievementMapper.xml]'. Cause: org.apache.ibatis.builder.BuilderException: Error resolving class. Cause: org.apache.ibatis.type.TypeException: Could not resolve type alias 'com.kalvin.kvf.modules.func.entity.Achievement'.  Cause: java.lang.ClassNotFoundException: Cannot find class: com.kalvin.kvf.modules.func.entity.Achievement
	at org.apache.ibatis.builder.xml.XMLMapperBuilder.configurationElement(XMLMapperBuilder.java:123)
	at org.apache.ibatis.builder.xml.XMLMapperBuilder.parse(XMLMapperBuilder.java:95)
	at com.baomidou.mybatisplus.extension.spring.MybatisSqlSessionFactoryBean.buildSqlSessionFactory(MybatisSqlSessionFactoryBean.java:593)
	... 62 common frames omitted
Caused by: org.apache.ibatis.builder.BuilderException: Error resolving class. Cause: org.apache.ibatis.type.TypeException: Could not resolve type alias 'com.kalvin.kvf.modules.func.entity.Achievement'.  Cause: java.lang.ClassNotFoundException: Cannot find class: com.kalvin.kvf.modules.func.entity.Achievement
	at org.apache.ibatis.builder.BaseBuilder.resolveClass(BaseBuilder.java:118)
	at org.apache.ibatis.builder.xml.XMLMapperBuilder.resultMapElement(XMLMapperBuilder.java:263)
	at org.apache.ibatis.builder.xml.XMLMapperBuilder.resultMapElement(XMLMapperBuilder.java:254)
	at org.apache.ibatis.builder.xml.XMLMapperBuilder.resultMapElements(XMLMapperBuilder.java:246)
	at org.apache.ibatis.builder.xml.XMLMapperBuilder.configurationElement(XMLMapperBuilder.java:119)
	... 64 common frames omitted
Caused by: org.apache.ibatis.type.TypeException: Could not resolve type alias 'com.kalvin.kvf.modules.func.entity.Achievement'.  Cause: java.lang.ClassNotFoundException: Cannot find class: com.kalvin.kvf.modules.func.entity.Achievement
	at org.apache.ibatis.type.TypeAliasRegistry.resolveAlias(TypeAliasRegistry.java:120)
	at org.apache.ibatis.builder.BaseBuilder.resolveAlias(BaseBuilder.java:149)
	at org.apache.ibatis.builder.BaseBuilder.resolveClass(BaseBuilder.java:116)
	... 68 common frames omitted
Caused by: java.lang.ClassNotFoundException: Cannot find class: com.kalvin.kvf.modules.func.entity.Achievement
	at org.apache.ibatis.io.ClassLoaderWrapper.classForName(ClassLoaderWrapper.java:196)
	at org.apache.ibatis.io.ClassLoaderWrapper.classForName(ClassLoaderWrapper.java:89)
	at org.apache.ibatis.io.Resources.classForName(Resources.java:261)
	at org.apache.ibatis.type.TypeAliasRegistry.resolveAlias(TypeAliasRegistry.java:116)
	... 70 common frames omitted
2023-08-11 15:45:52.932 [restartedMain] INFO  com.kalvin.kvf.KvfAdminApplication - Starting KvfAdminApplication on 20201027-PC with PID 10816 (D:\java\kvf-admin-3neng\target\classes started by Administrator in D:\java\kvf-admin-3neng)
2023-08-11 15:45:52.932 [restartedMain] INFO  com.kalvin.kvf.KvfAdminApplication - The following profiles are active: test
2023-08-11 15:45:53.600 [restartedMain] INFO  o.s.d.r.config.RepositoryConfigurationDelegate - Multiple Spring Data modules found, entering strict repository configuration mode!
2023-08-11 15:45:53.600 [restartedMain] INFO  o.s.d.r.config.RepositoryConfigurationDelegate - Bootstrapping Spring Data Redis repositories in DEFAULT mode.
2023-08-11 15:45:53.636 [restartedMain] INFO  o.s.d.r.config.RepositoryConfigurationDelegate - Finished Spring Data repository scanning in 35ms. Found 0 Redis repository interfaces.
2023-08-11 15:45:54.124 [restartedMain] INFO  o.s.c.s.PostProcessorRegistrationDelegate$BeanPostProcessorChecker - Bean 'shiroConfig' of type [com.kalvin.kvf.common.shiro.ShiroConfig$$EnhancerBySpringCGLIB$$115c7420] is not eligible for getting processed by all BeanPostProcessors (for example: not eligible for auto-proxying)
2023-08-11 15:45:54.152 [restartedMain] INFO  o.s.c.s.PostProcessorRegistrationDelegate$BeanPostProcessorChecker - Bean 'userRealm' of type [com.kalvin.kvf.common.shiro.UserRealm] is not eligible for getting processed by all BeanPostProcessors (for example: not eligible for auto-proxying)
2023-08-11 15:45:54.154 [restartedMain] INFO  o.s.c.s.PostProcessorRegistrationDelegate$BeanPostProcessorChecker - Bean 'sessionManager' of type [org.apache.shiro.web.session.mgt.DefaultWebSessionManager] is not eligible for getting processed by all BeanPostProcessors (for example: not eligible for auto-proxying)
2023-08-11 15:45:54.159 [restartedMain] INFO  o.s.c.s.PostProcessorRegistrationDelegate$BeanPostProcessorChecker - Bean 'ehCacheManager' of type [org.apache.shiro.cache.ehcache.EhCacheManager] is not eligible for getting processed by all BeanPostProcessors (for example: not eligible for auto-proxying)
2023-08-11 15:45:54.159 [restartedMain] INFO  org.apache.shiro.cache.ehcache.EhCacheManager - Cache with name 'com.kalvin.kvf.common.shiro.UserRealm.authorizationCache.1' does not yet exist.  Creating now.
2023-08-11 15:45:54.207 [restartedMain] INFO  org.apache.shiro.cache.ehcache.EhCacheManager - Added EhCache named [com.kalvin.kvf.common.shiro.UserRealm.authorizationCache.1]
2023-08-11 15:45:54.210 [restartedMain] WARN  o.s.b.w.s.c.AnnotationConfigServletWebServerApplicationContext - Exception encountered during context initialization - cancelling refresh attempt: org.springframework.beans.factory.UnsatisfiedDependencyException: Error creating bean with name 'methodValidationPostProcessor' defined in class path resource [org/springframework/boot/autoconfigure/validation/ValidationAutoConfiguration.class]: Unsatisfied dependency expressed through method 'methodValidationPostProcessor' parameter 0; nested exception is org.springframework.beans.factory.UnsatisfiedDependencyException: Error creating bean with name 'shiroFilter' defined in class path resource [com/kalvin/kvf/common/shiro/ShiroConfig.class]: Unsatisfied dependency expressed through method 'shiroFilter' parameter 0; nested exception is org.springframework.beans.factory.BeanCreationException: Error creating bean with name 'securityManager' defined in class path resource [com/kalvin/kvf/common/shiro/ShiroConfig.class]: Bean instantiation via factory method failed; nested exception is org.springframework.beans.BeanInstantiationException: Failed to instantiate [org.apache.shiro.mgt.SecurityManager]: Factory method 'securityManager' threw exception; nested exception is java.lang.NoSuchMethodError: cn.hutool.core.codec.Base64.decode(Ljava/lang/CharSequence;)[B
2023-08-11 15:45:54.227 [restartedMain] INFO  o.s.b.a.l.ConditionEvaluationReportLoggingListener - 

Error starting ApplicationContext. To display the conditions report re-run your application with 'debug' enabled.
2023-08-11 15:45:54.234 [restartedMain] ERROR o.s.b.diagnostics.LoggingFailureAnalysisReporter - 

***************************
APPLICATION FAILED TO START
***************************

Description:

An attempt was made to call a method that does not exist. The attempt was made from the following location:

    com.kalvin.kvf.common.shiro.ShiroConfig.rememberMeManager(ShiroConfig.java:94)

The following method did not exist:

    cn.hutool.core.codec.Base64.decode(Ljava/lang/CharSequence;)[B

The method's class, cn.hutool.core.codec.Base64, is available from the following locations:

    jar:file:/C:/Users/Administrator/.m2/repository/cn/hutool/hutool-all/4.5.1/hutool-all-4.5.1.jar!/cn/hutool/core/codec/Base64.class

It was loaded from the following location:

    file:/C:/Users/Administrator/.m2/repository/cn/hutool/hutool-all/4.5.1/hutool-all-4.5.1.jar


Action:

Correct the classpath of your application so that it contains a single, compatible version of cn.hutool.core.codec.Base64

2023-08-11 15:47:05.806 [restartedMain] INFO  com.kalvin.kvf.KvfAdminApplication - Starting KvfAdminApplication on 20201027-PC with PID 10816 (D:\java\kvf-admin-3neng\target\classes started by Administrator in D:\java\kvf-admin-3neng)
2023-08-11 15:47:05.806 [restartedMain] INFO  com.kalvin.kvf.KvfAdminApplication - The following profiles are active: test
2023-08-11 15:47:06.278 [restartedMain] INFO  o.s.d.r.config.RepositoryConfigurationDelegate - Multiple Spring Data modules found, entering strict repository configuration mode!
2023-08-11 15:47:06.278 [restartedMain] INFO  o.s.d.r.config.RepositoryConfigurationDelegate - Bootstrapping Spring Data Redis repositories in DEFAULT mode.
2023-08-11 15:47:06.279 [restartedMain] INFO  o.s.d.r.config.RepositoryConfigurationDelegate - Finished Spring Data repository scanning in 0ms. Found 0 Redis repository interfaces.
2023-08-11 15:47:06.309 [restartedMain] WARN  org.mybatis.spring.mapper.ClassPathMapperScanner - No MyBatis mapper was found in '[com.kalvin.kvf]' package. Please check your configuration.
2023-08-11 15:47:06.342 [restartedMain] INFO  o.s.c.s.PostProcessorRegistrationDelegate$BeanPostProcessorChecker - Bean 'spring.datasource.dynamic-com.baomidou.dynamic.datasource.spring.boot.autoconfigure.DynamicDataSourceProperties' of type [com.baomidou.dynamic.datasource.spring.boot.autoconfigure.DynamicDataSourceProperties] is not eligible for getting processed by all BeanPostProcessors (for example: not eligible for auto-proxying)
2023-08-11 15:47:06.343 [restartedMain] INFO  o.s.c.s.PostProcessorRegistrationDelegate$BeanPostProcessorChecker - Bean 'com.baomidou.dynamic.datasource.spring.boot.autoconfigure.DynamicDataSourceAutoConfiguration' of type [com.baomidou.dynamic.datasource.spring.boot.autoconfigure.DynamicDataSourceAutoConfiguration$$EnhancerBySpringCGLIB$$a1d3618a] is not eligible for getting processed by all BeanPostProcessors (for example: not eligible for auto-proxying)
2023-08-11 15:47:06.346 [restartedMain] INFO  o.s.c.s.PostProcessorRegistrationDelegate$BeanPostProcessorChecker - Bean 'dsProcessor' of type [com.baomidou.dynamic.datasource.processor.DsHeaderProcessor] is not eligible for getting processed by all BeanPostProcessors (for example: not eligible for auto-proxying)
2023-08-11 15:47:06.526 [restartedMain] INFO  o.s.boot.web.embedded.tomcat.TomcatWebServer - Tomcat initialized with port(s): 7788 (http)
2023-08-11 15:47:06.527 [restartedMain] INFO  org.apache.coyote.http11.Http11NioProtocol - Initializing ProtocolHandler ["http-nio-7788"]
2023-08-11 15:47:06.527 [restartedMain] INFO  org.apache.catalina.core.StandardService - Starting service [Tomcat]
2023-08-11 15:47:06.527 [restartedMain] INFO  org.apache.catalina.core.StandardEngine - Starting Servlet engine: [Apache Tomcat/9.0.31]
2023-08-11 15:47:06.548 [restartedMain] INFO  o.a.c.c.ContainerBase.[Tomcat-1].[localhost].[/] - Initializing Spring embedded WebApplicationContext
2023-08-11 15:47:06.548 [restartedMain] INFO  org.springframework.web.context.ContextLoader - Root WebApplicationContext: initialization completed in 738 ms
2023-08-11 15:47:06.599 [restartedMain] INFO  com.alibaba.druid.pool.DruidDataSource - {dataSource-3,master} inited
2023-08-11 15:47:06.600 [restartedMain] INFO  c.b.dynamic.datasource.DynamicRoutingDataSource - dynamic-datasource - load a datasource named [master] success
2023-08-11 15:47:06.603 [restartedMain] INFO  c.b.dynamic.datasource.DynamicRoutingDataSource - dynamic-datasource initial loaded [1] datasource,primary datasource named [master]
2023-08-11 15:47:06.617 [restartedMain] WARN  o.s.b.w.s.c.AnnotationConfigServletWebServerApplicationContext - Exception encountered during context initialization - cancelling refresh attempt: org.springframework.beans.factory.UnsatisfiedDependencyException: Error creating bean with name 'dictionaryService': Unsatisfied dependency expressed through field 'baseMapper'; nested exception is org.springframework.beans.factory.UnsatisfiedDependencyException: Error creating bean with name 'dictionaryMapper' defined in URL [jar:file:/C:/Users/Administrator/.m2/repository/com/diboot/diboot-core-spring-boot-starter/2.8.0/diboot-core-spring-boot-starter-2.8.0.jar!/com/diboot/core/mapper/DictionaryMapper.class]: Unsatisfied dependency expressed through bean property 'sqlSessionFactory'; nested exception is org.springframework.beans.factory.BeanCreationException: Error creating bean with name 'sqlSessionFactory' defined in class path resource [com/baomidou/mybatisplus/autoconfigure/MybatisPlusAutoConfiguration.class]: Bean instantiation via factory method failed; nested exception is org.springframework.beans.BeanInstantiationException: Failed to instantiate [org.apache.ibatis.session.SqlSessionFactory]: Factory method 'sqlSessionFactory' threw exception; nested exception is org.springframework.core.NestedIOException: Failed to parse mapping resource: 'file [D:\java\kvf-admin-3neng\target\classes\mapper\func\AchievementMapper.xml]'; nested exception is org.apache.ibatis.builder.BuilderException: Error parsing Mapper XML. The XML location is 'file [D:\java\kvf-admin-3neng\target\classes\mapper\func\AchievementMapper.xml]'. Cause: org.apache.ibatis.builder.BuilderException: Error resolving class. Cause: org.apache.ibatis.type.TypeException: Could not resolve type alias 'com.kalvin.kvf.modules.func.entity.Achievement'.  Cause: java.lang.ClassNotFoundException: Cannot find class: com.kalvin.kvf.modules.func.entity.Achievement
2023-08-11 15:47:06.617 [restartedMain] INFO  c.b.dynamic.datasource.DynamicRoutingDataSource - dynamic-datasource start closing ....
2023-08-11 15:47:06.617 [restartedMain] INFO  com.alibaba.druid.pool.DruidDataSource - {dataSource-3} closing ...
2023-08-11 15:47:06.617 [restartedMain] INFO  com.alibaba.druid.pool.DruidDataSource - {dataSource-3} closed
2023-08-11 15:47:06.617 [restartedMain] INFO  c.b.dynamic.datasource.DynamicRoutingDataSource - dynamic-datasource all closed success,bye
2023-08-11 15:47:06.618 [restartedMain] INFO  org.apache.catalina.core.StandardService - Stopping service [Tomcat]
2023-08-11 15:47:06.622 [restartedMain] INFO  o.s.b.a.l.ConditionEvaluationReportLoggingListener - 

Error starting ApplicationContext. To display the conditions report re-run your application with 'debug' enabled.
2023-08-11 15:47:06.623 [restartedMain] ERROR org.springframework.boot.SpringApplication - Application run failed
org.springframework.beans.factory.UnsatisfiedDependencyException: Error creating bean with name 'dictionaryService': Unsatisfied dependency expressed through field 'baseMapper'; nested exception is org.springframework.beans.factory.UnsatisfiedDependencyException: Error creating bean with name 'dictionaryMapper' defined in URL [jar:file:/C:/Users/Administrator/.m2/repository/com/diboot/diboot-core-spring-boot-starter/2.8.0/diboot-core-spring-boot-starter-2.8.0.jar!/com/diboot/core/mapper/DictionaryMapper.class]: Unsatisfied dependency expressed through bean property 'sqlSessionFactory'; nested exception is org.springframework.beans.factory.BeanCreationException: Error creating bean with name 'sqlSessionFactory' defined in class path resource [com/baomidou/mybatisplus/autoconfigure/MybatisPlusAutoConfiguration.class]: Bean instantiation via factory method failed; nested exception is org.springframework.beans.BeanInstantiationException: Failed to instantiate [org.apache.ibatis.session.SqlSessionFactory]: Factory method 'sqlSessionFactory' threw exception; nested exception is org.springframework.core.NestedIOException: Failed to parse mapping resource: 'file [D:\java\kvf-admin-3neng\target\classes\mapper\func\AchievementMapper.xml]'; nested exception is org.apache.ibatis.builder.BuilderException: Error parsing Mapper XML. The XML location is 'file [D:\java\kvf-admin-3neng\target\classes\mapper\func\AchievementMapper.xml]'. Cause: org.apache.ibatis.builder.BuilderException: Error resolving class. Cause: org.apache.ibatis.type.TypeException: Could not resolve type alias 'com.kalvin.kvf.modules.func.entity.Achievement'.  Cause: java.lang.ClassNotFoundException: Cannot find class: com.kalvin.kvf.modules.func.entity.Achievement
	at org.springframework.beans.factory.annotation.AutowiredAnnotationBeanPostProcessor$AutowiredFieldElement.inject(AutowiredAnnotationBeanPostProcessor.java:643)
	at org.springframework.beans.factory.annotation.InjectionMetadata.inject(InjectionMetadata.java:130)
	at org.springframework.beans.factory.annotation.AutowiredAnnotationBeanPostProcessor.postProcessProperties(AutowiredAnnotationBeanPostProcessor.java:399)
	at org.springframework.beans.factory.support.AbstractAutowireCapableBeanFactory.populateBean(AbstractAutowireCapableBeanFactory.java:1422)
	at org.springframework.beans.factory.support.AbstractAutowireCapableBeanFactory.doCreateBean(AbstractAutowireCapableBeanFactory.java:594)
	at org.springframework.beans.factory.support.AbstractAutowireCapableBeanFactory.createBean(AbstractAutowireCapableBeanFactory.java:517)
	at org.springframework.beans.factory.support.AbstractBeanFactory.lambda$doGetBean$0(AbstractBeanFactory.java:323)
	at org.springframework.beans.factory.support.DefaultSingletonBeanRegistry.getSingleton(DefaultSingletonBeanRegistry.java:222)
	at org.springframework.beans.factory.support.AbstractBeanFactory.doGetBean(AbstractBeanFactory.java:321)
	at org.springframework.beans.factory.support.AbstractBeanFactory.getBean(AbstractBeanFactory.java:202)
	at org.springframework.beans.factory.support.DefaultListableBeanFactory.preInstantiateSingletons(DefaultListableBeanFactory.java:879)
	at org.springframework.context.support.AbstractApplicationContext.finishBeanFactoryInitialization(AbstractApplicationContext.java:878)
	at org.springframework.context.support.AbstractApplicationContext.refresh(AbstractApplicationContext.java:550)
	at org.springframework.boot.web.servlet.context.ServletWebServerApplicationContext.refresh(ServletWebServerApplicationContext.java:141)
	at org.springframework.boot.SpringApplication.refresh(SpringApplication.java:747)
	at org.springframework.boot.SpringApplication.refreshContext(SpringApplication.java:397)
	at org.springframework.boot.SpringApplication.run(SpringApplication.java:315)
	at org.springframework.boot.SpringApplication.run(SpringApplication.java:1226)
	at org.springframework.boot.SpringApplication.run(SpringApplication.java:1215)
	at com.kalvin.kvf.KvfAdminApplication.main(KvfAdminApplication.java:22)
	at sun.reflect.NativeMethodAccessorImpl.invoke0(Native Method)
	at sun.reflect.NativeMethodAccessorImpl.invoke(NativeMethodAccessorImpl.java:62)
	at sun.reflect.DelegatingMethodAccessorImpl.invoke(DelegatingMethodAccessorImpl.java:43)
	at java.lang.reflect.Method.invoke(Method.java:498)
	at org.springframework.boot.devtools.restart.RestartLauncher.run(RestartLauncher.java:49)
Caused by: org.springframework.beans.factory.UnsatisfiedDependencyException: Error creating bean with name 'dictionaryMapper' defined in URL [jar:file:/C:/Users/Administrator/.m2/repository/com/diboot/diboot-core-spring-boot-starter/2.8.0/diboot-core-spring-boot-starter-2.8.0.jar!/com/diboot/core/mapper/DictionaryMapper.class]: Unsatisfied dependency expressed through bean property 'sqlSessionFactory'; nested exception is org.springframework.beans.factory.BeanCreationException: Error creating bean with name 'sqlSessionFactory' defined in class path resource [com/baomidou/mybatisplus/autoconfigure/MybatisPlusAutoConfiguration.class]: Bean instantiation via factory method failed; nested exception is org.springframework.beans.BeanInstantiationException: Failed to instantiate [org.apache.ibatis.session.SqlSessionFactory]: Factory method 'sqlSessionFactory' threw exception; nested exception is org.springframework.core.NestedIOException: Failed to parse mapping resource: 'file [D:\java\kvf-admin-3neng\target\classes\mapper\func\AchievementMapper.xml]'; nested exception is org.apache.ibatis.builder.BuilderException: Error parsing Mapper XML. The XML location is 'file [D:\java\kvf-admin-3neng\target\classes\mapper\func\AchievementMapper.xml]'. Cause: org.apache.ibatis.builder.BuilderException: Error resolving class. Cause: org.apache.ibatis.type.TypeException: Could not resolve type alias 'com.kalvin.kvf.modules.func.entity.Achievement'.  Cause: java.lang.ClassNotFoundException: Cannot find class: com.kalvin.kvf.modules.func.entity.Achievement
	at org.springframework.beans.factory.support.AbstractAutowireCapableBeanFactory.autowireByType(AbstractAutowireCapableBeanFactory.java:1526)
	at org.springframework.beans.factory.support.AbstractAutowireCapableBeanFactory.populateBean(AbstractAutowireCapableBeanFactory.java:1406)
	at org.springframework.beans.factory.support.AbstractAutowireCapableBeanFactory.doCreateBean(AbstractAutowireCapableBeanFactory.java:594)
	at org.springframework.beans.factory.support.AbstractAutowireCapableBeanFactory.createBean(AbstractAutowireCapableBeanFactory.java:517)
	at org.springframework.beans.factory.support.AbstractBeanFactory.lambda$doGetBean$0(AbstractBeanFactory.java:323)
	at org.springframework.beans.factory.support.DefaultSingletonBeanRegistry.getSingleton(DefaultSingletonBeanRegistry.java:222)
	at org.springframework.beans.factory.support.AbstractBeanFactory.doGetBean(AbstractBeanFactory.java:321)
	at org.springframework.beans.factory.support.AbstractBeanFactory.getBean(AbstractBeanFactory.java:202)
	at org.springframework.beans.factory.config.DependencyDescriptor.resolveCandidate(DependencyDescriptor.java:276)
	at org.springframework.beans.factory.support.DefaultListableBeanFactory.doResolveDependency(DefaultListableBeanFactory.java:1287)
	at org.springframework.beans.factory.support.DefaultListableBeanFactory.resolveDependency(DefaultListableBeanFactory.java:1207)
	at org.springframework.beans.factory.annotation.AutowiredAnnotationBeanPostProcessor$AutowiredFieldElement.inject(AutowiredAnnotationBeanPostProcessor.java:640)
	... 24 common frames omitted
Caused by: org.springframework.beans.factory.BeanCreationException: Error creating bean with name 'sqlSessionFactory' defined in class path resource [com/baomidou/mybatisplus/autoconfigure/MybatisPlusAutoConfiguration.class]: Bean instantiation via factory method failed; nested exception is org.springframework.beans.BeanInstantiationException: Failed to instantiate [org.apache.ibatis.session.SqlSessionFactory]: Factory method 'sqlSessionFactory' threw exception; nested exception is org.springframework.core.NestedIOException: Failed to parse mapping resource: 'file [D:\java\kvf-admin-3neng\target\classes\mapper\func\AchievementMapper.xml]'; nested exception is org.apache.ibatis.builder.BuilderException: Error parsing Mapper XML. The XML location is 'file [D:\java\kvf-admin-3neng\target\classes\mapper\func\AchievementMapper.xml]'. Cause: org.apache.ibatis.builder.BuilderException: Error resolving class. Cause: org.apache.ibatis.type.TypeException: Could not resolve type alias 'com.kalvin.kvf.modules.func.entity.Achievement'.  Cause: java.lang.ClassNotFoundException: Cannot find class: com.kalvin.kvf.modules.func.entity.Achievement
	at org.springframework.beans.factory.support.ConstructorResolver.instantiate(ConstructorResolver.java:656)
	at org.springframework.beans.factory.support.ConstructorResolver.instantiateUsingFactoryMethod(ConstructorResolver.java:636)
	at org.springframework.beans.factory.support.AbstractAutowireCapableBeanFactory.instantiateUsingFactoryMethod(AbstractAutowireCapableBeanFactory.java:1338)
	at org.springframework.beans.factory.support.AbstractAutowireCapableBeanFactory.createBeanInstance(AbstractAutowireCapableBeanFactory.java:1177)
	at org.springframework.beans.factory.support.AbstractAutowireCapableBeanFactory.doCreateBean(AbstractAutowireCapableBeanFactory.java:557)
	at org.springframework.beans.factory.support.AbstractAutowireCapableBeanFactory.createBean(AbstractAutowireCapableBeanFactory.java:517)
	at org.springframework.beans.factory.support.AbstractBeanFactory.lambda$doGetBean$0(AbstractBeanFactory.java:323)
	at org.springframework.beans.factory.support.DefaultSingletonBeanRegistry.getSingleton(DefaultSingletonBeanRegistry.java:222)
	at org.springframework.beans.factory.support.AbstractBeanFactory.doGetBean(AbstractBeanFactory.java:321)
	at org.springframework.beans.factory.support.AbstractBeanFactory.getBean(AbstractBeanFactory.java:202)
	at org.springframework.beans.factory.config.DependencyDescriptor.resolveCandidate(DependencyDescriptor.java:276)
	at org.springframework.beans.factory.support.DefaultListableBeanFactory.doResolveDependency(DefaultListableBeanFactory.java:1287)
	at org.springframework.beans.factory.support.DefaultListableBeanFactory.resolveDependency(DefaultListableBeanFactory.java:1207)
	at org.springframework.beans.factory.support.AbstractAutowireCapableBeanFactory.autowireByType(AbstractAutowireCapableBeanFactory.java:1511)
	... 35 common frames omitted
Caused by: org.springframework.beans.BeanInstantiationException: Failed to instantiate [org.apache.ibatis.session.SqlSessionFactory]: Factory method 'sqlSessionFactory' threw exception; nested exception is org.springframework.core.NestedIOException: Failed to parse mapping resource: 'file [D:\java\kvf-admin-3neng\target\classes\mapper\func\AchievementMapper.xml]'; nested exception is org.apache.ibatis.builder.BuilderException: Error parsing Mapper XML. The XML location is 'file [D:\java\kvf-admin-3neng\target\classes\mapper\func\AchievementMapper.xml]'. Cause: org.apache.ibatis.builder.BuilderException: Error resolving class. Cause: org.apache.ibatis.type.TypeException: Could not resolve type alias 'com.kalvin.kvf.modules.func.entity.Achievement'.  Cause: java.lang.ClassNotFoundException: Cannot find class: com.kalvin.kvf.modules.func.entity.Achievement
	at org.springframework.beans.factory.support.SimpleInstantiationStrategy.instantiate(SimpleInstantiationStrategy.java:185)
	at org.springframework.beans.factory.support.ConstructorResolver.instantiate(ConstructorResolver.java:651)
	... 48 common frames omitted
Caused by: org.springframework.core.NestedIOException: Failed to parse mapping resource: 'file [D:\java\kvf-admin-3neng\target\classes\mapper\func\AchievementMapper.xml]'; nested exception is org.apache.ibatis.builder.BuilderException: Error parsing Mapper XML. The XML location is 'file [D:\java\kvf-admin-3neng\target\classes\mapper\func\AchievementMapper.xml]'. Cause: org.apache.ibatis.builder.BuilderException: Error resolving class. Cause: org.apache.ibatis.type.TypeException: Could not resolve type alias 'com.kalvin.kvf.modules.func.entity.Achievement'.  Cause: java.lang.ClassNotFoundException: Cannot find class: com.kalvin.kvf.modules.func.entity.Achievement
	at com.baomidou.mybatisplus.extension.spring.MybatisSqlSessionFactoryBean.buildSqlSessionFactory(MybatisSqlSessionFactoryBean.java:595)
	at com.baomidou.mybatisplus.extension.spring.MybatisSqlSessionFactoryBean.afterPropertiesSet(MybatisSqlSessionFactoryBean.java:431)
	at com.baomidou.mybatisplus.extension.spring.MybatisSqlSessionFactoryBean.getObject(MybatisSqlSessionFactoryBean.java:628)
	at com.baomidou.mybatisplus.autoconfigure.MybatisPlusAutoConfiguration.sqlSessionFactory(MybatisPlusAutoConfiguration.java:218)
	at com.baomidou.mybatisplus.autoconfigure.MybatisPlusAutoConfiguration$$EnhancerBySpringCGLIB$$760d5d53.CGLIB$sqlSessionFactory$2(<generated>)
	at com.baomidou.mybatisplus.autoconfigure.MybatisPlusAutoConfiguration$$EnhancerBySpringCGLIB$$760d5d53$$FastClassBySpringCGLIB$$2ace90c4.invoke(<generated>)
	at org.springframework.cglib.proxy.MethodProxy.invokeSuper(MethodProxy.java:244)
	at org.springframework.context.annotation.ConfigurationClassEnhancer$BeanMethodInterceptor.intercept(ConfigurationClassEnhancer.java:331)
	at com.baomidou.mybatisplus.autoconfigure.MybatisPlusAutoConfiguration$$EnhancerBySpringCGLIB$$760d5d53.sqlSessionFactory(<generated>)
	at sun.reflect.NativeMethodAccessorImpl.invoke0(Native Method)
	at sun.reflect.NativeMethodAccessorImpl.invoke(NativeMethodAccessorImpl.java:62)
	at sun.reflect.DelegatingMethodAccessorImpl.invoke(DelegatingMethodAccessorImpl.java:43)
	at java.lang.reflect.Method.invoke(Method.java:498)
	at org.springframework.beans.factory.support.SimpleInstantiationStrategy.instantiate(SimpleInstantiationStrategy.java:154)
	... 49 common frames omitted
Caused by: org.apache.ibatis.builder.BuilderException: Error parsing Mapper XML. The XML location is 'file [D:\java\kvf-admin-3neng\target\classes\mapper\func\AchievementMapper.xml]'. Cause: org.apache.ibatis.builder.BuilderException: Error resolving class. Cause: org.apache.ibatis.type.TypeException: Could not resolve type alias 'com.kalvin.kvf.modules.func.entity.Achievement'.  Cause: java.lang.ClassNotFoundException: Cannot find class: com.kalvin.kvf.modules.func.entity.Achievement
	at org.apache.ibatis.builder.xml.XMLMapperBuilder.configurationElement(XMLMapperBuilder.java:123)
	at org.apache.ibatis.builder.xml.XMLMapperBuilder.parse(XMLMapperBuilder.java:95)
	at com.baomidou.mybatisplus.extension.spring.MybatisSqlSessionFactoryBean.buildSqlSessionFactory(MybatisSqlSessionFactoryBean.java:593)
	... 62 common frames omitted
Caused by: org.apache.ibatis.builder.BuilderException: Error resolving class. Cause: org.apache.ibatis.type.TypeException: Could not resolve type alias 'com.kalvin.kvf.modules.func.entity.Achievement'.  Cause: java.lang.ClassNotFoundException: Cannot find class: com.kalvin.kvf.modules.func.entity.Achievement
	at org.apache.ibatis.builder.BaseBuilder.resolveClass(BaseBuilder.java:118)
	at org.apache.ibatis.builder.xml.XMLMapperBuilder.resultMapElement(XMLMapperBuilder.java:263)
	at org.apache.ibatis.builder.xml.XMLMapperBuilder.resultMapElement(XMLMapperBuilder.java:254)
	at org.apache.ibatis.builder.xml.XMLMapperBuilder.resultMapElements(XMLMapperBuilder.java:246)
	at org.apache.ibatis.builder.xml.XMLMapperBuilder.configurationElement(XMLMapperBuilder.java:119)
	... 64 common frames omitted
Caused by: org.apache.ibatis.type.TypeException: Could not resolve type alias 'com.kalvin.kvf.modules.func.entity.Achievement'.  Cause: java.lang.ClassNotFoundException: Cannot find class: com.kalvin.kvf.modules.func.entity.Achievement
	at org.apache.ibatis.type.TypeAliasRegistry.resolveAlias(TypeAliasRegistry.java:120)
	at org.apache.ibatis.builder.BaseBuilder.resolveAlias(BaseBuilder.java:149)
	at org.apache.ibatis.builder.BaseBuilder.resolveClass(BaseBuilder.java:116)
	... 68 common frames omitted
Caused by: java.lang.ClassNotFoundException: Cannot find class: com.kalvin.kvf.modules.func.entity.Achievement
	at org.apache.ibatis.io.ClassLoaderWrapper.classForName(ClassLoaderWrapper.java:196)
	at org.apache.ibatis.io.ClassLoaderWrapper.classForName(ClassLoaderWrapper.java:89)
	at org.apache.ibatis.io.Resources.classForName(Resources.java:261)
	at org.apache.ibatis.type.TypeAliasRegistry.resolveAlias(TypeAliasRegistry.java:116)
	... 70 common frames omitted
2023-08-11 15:47:14.666 [restartedMain] INFO  com.kalvin.kvf.KvfAdminApplication - Starting KvfAdminApplication on 20201027-PC with PID 10816 (D:\java\kvf-admin-3neng\target\classes started by Administrator in D:\java\kvf-admin-3neng)
2023-08-11 15:47:14.667 [restartedMain] INFO  com.kalvin.kvf.KvfAdminApplication - The following profiles are active: test
2023-08-11 15:47:14.932 [restartedMain] INFO  o.s.d.r.config.RepositoryConfigurationDelegate - Multiple Spring Data modules found, entering strict repository configuration mode!
2023-08-11 15:47:14.932 [restartedMain] INFO  o.s.d.r.config.RepositoryConfigurationDelegate - Bootstrapping Spring Data Redis repositories in DEFAULT mode.
2023-08-11 15:47:14.949 [restartedMain] INFO  o.s.d.r.config.RepositoryConfigurationDelegate - Finished Spring Data repository scanning in 16ms. Found 0 Redis repository interfaces.
2023-08-11 15:47:15.015 [restartedMain] INFO  o.s.c.s.PostProcessorRegistrationDelegate$BeanPostProcessorChecker - Bean 'shiroConfig' of type [com.kalvin.kvf.common.shiro.ShiroConfig$$EnhancerBySpringCGLIB$$115c7420] is not eligible for getting processed by all BeanPostProcessors (for example: not eligible for auto-proxying)
2023-08-11 15:47:15.034 [restartedMain] INFO  o.s.c.s.PostProcessorRegistrationDelegate$BeanPostProcessorChecker - Bean 'userRealm' of type [com.kalvin.kvf.common.shiro.UserRealm] is not eligible for getting processed by all BeanPostProcessors (for example: not eligible for auto-proxying)
2023-08-11 15:47:15.035 [restartedMain] INFO  o.s.c.s.PostProcessorRegistrationDelegate$BeanPostProcessorChecker - Bean 'sessionManager' of type [org.apache.shiro.web.session.mgt.DefaultWebSessionManager] is not eligible for getting processed by all BeanPostProcessors (for example: not eligible for auto-proxying)
2023-08-11 15:47:15.039 [restartedMain] INFO  o.s.c.s.PostProcessorRegistrationDelegate$BeanPostProcessorChecker - Bean 'ehCacheManager' of type [org.apache.shiro.cache.ehcache.EhCacheManager] is not eligible for getting processed by all BeanPostProcessors (for example: not eligible for auto-proxying)
2023-08-11 15:47:15.040 [restartedMain] INFO  org.apache.shiro.cache.ehcache.EhCacheManager - Cache with name 'com.kalvin.kvf.common.shiro.UserRealm.authorizationCache.2' does not yet exist.  Creating now.
2023-08-11 15:47:15.042 [restartedMain] INFO  org.apache.shiro.cache.ehcache.EhCacheManager - Added EhCache named [com.kalvin.kvf.common.shiro.UserRealm.authorizationCache.2]
2023-08-11 15:47:15.044 [restartedMain] WARN  o.s.b.w.s.c.AnnotationConfigServletWebServerApplicationContext - Exception encountered during context initialization - cancelling refresh attempt: org.springframework.beans.factory.UnsatisfiedDependencyException: Error creating bean with name 'methodValidationPostProcessor' defined in class path resource [org/springframework/boot/autoconfigure/validation/ValidationAutoConfiguration.class]: Unsatisfied dependency expressed through method 'methodValidationPostProcessor' parameter 0; nested exception is org.springframework.beans.factory.UnsatisfiedDependencyException: Error creating bean with name 'shiroFilter' defined in class path resource [com/kalvin/kvf/common/shiro/ShiroConfig.class]: Unsatisfied dependency expressed through method 'shiroFilter' parameter 0; nested exception is org.springframework.beans.factory.BeanCreationException: Error creating bean with name 'securityManager' defined in class path resource [com/kalvin/kvf/common/shiro/ShiroConfig.class]: Bean instantiation via factory method failed; nested exception is org.springframework.beans.BeanInstantiationException: Failed to instantiate [org.apache.shiro.mgt.SecurityManager]: Factory method 'securityManager' threw exception; nested exception is java.lang.NoSuchMethodError: cn.hutool.core.codec.Base64.decode(Ljava/lang/CharSequence;)[B
2023-08-11 15:47:15.049 [restartedMain] INFO  o.s.b.a.l.ConditionEvaluationReportLoggingListener - 

Error starting ApplicationContext. To display the conditions report re-run your application with 'debug' enabled.
2023-08-11 15:47:15.051 [restartedMain] ERROR o.s.b.diagnostics.LoggingFailureAnalysisReporter - 

***************************
APPLICATION FAILED TO START
***************************

Description:

An attempt was made to call a method that does not exist. The attempt was made from the following location:

    com.kalvin.kvf.common.shiro.ShiroConfig.rememberMeManager(ShiroConfig.java:94)

The following method did not exist:

    cn.hutool.core.codec.Base64.decode(Ljava/lang/CharSequence;)[B

The method's class, cn.hutool.core.codec.Base64, is available from the following locations:

    jar:file:/C:/Users/Administrator/.m2/repository/cn/hutool/hutool-all/4.5.1/hutool-all-4.5.1.jar!/cn/hutool/core/codec/Base64.class

It was loaded from the following location:

    file:/C:/Users/Administrator/.m2/repository/cn/hutool/hutool-all/4.5.1/hutool-all-4.5.1.jar


Action:

Correct the classpath of your application so that it contains a single, compatible version of cn.hutool.core.codec.Base64

